warning: The `tool.uv.dev-dependencies` field (used in `packages/openpi-client/pyproject.toml`) is deprecated and will be removed in a future release; use `dependency-groups.dev` instead
[robosuite WARNING] No private macro file found! (macros.py:53)
[robosuite WARNING] It is recommended to use a private macro file (macros.py:54)
[robosuite WARNING] To setup, run: python /coc/flash8/rbansal66/openpi_rollout/openpi/examples/libero/.venv/lib/python3.8/site-packages/robosuite/scripts/setup_macros.py (macros.py:55)
INFO:root:Task suite: libero_10
INFO:root:Running experiments with latency values: [150.0, 200.0, 250.0, 300.0, 400.0]
INFO:root:================================================================================
INFO:root:Running experiment with latency: 150.0 ms
INFO:root:================================================================================
INFO:root:Videos will be saved to: data/libero/videos/20251104_134232_rtcFalse_lat150.0_hrzn10_parallel/horizon_10
INFO:root:Results will be saved to: data/libero/20251104_134232_rtcFalse_lat150.0_hrzn10_parallel/horizon_10/results.csv
INFO:root:Number of workers: 6
INFO:root:RTC setting: False, action horizon: 10
  0%|          | 0/10 [00:00<?, ?it/s][robosuite WARNING] No private macro file found! (macros.py:53)
[robosuite WARNING] It is recommended to use a private macro file (macros.py:54)
[robosuite WARNING] To setup, run: python /coc/flash8/rbansal66/openpi_rollout/openpi/examples/libero/.venv/lib/python3.8/site-packages/robosuite/scripts/setup_macros.py (macros.py:55)
[robosuite WARNING] No private macro file found! (macros.py:53)
[robosuite WARNING] It is recommended to use a private macro file (macros.py:54)
[robosuite WARNING] To setup, run: python /coc/flash8/rbansal66/openpi_rollout/openpi/examples/libero/.venv/lib/python3.8/site-packages/robosuite/scripts/setup_macros.py (macros.py:55)
[robosuite WARNING] No private macro file found! (macros.py:53)
[robosuite WARNING] It is recommended to use a private macro file (macros.py:54)
[robosuite WARNING] To setup, run: python /coc/flash8/rbansal66/openpi_rollout/openpi/examples/libero/.venv/lib/python3.8/site-packages/robosuite/scripts/setup_macros.py (macros.py:55)
[robosuite WARNING] No private macro file found! (macros.py:53)
[robosuite WARNING] It is recommended to use a private macro file (macros.py:54)
[robosuite WARNING] To setup, run: python /coc/flash8/rbansal66/openpi_rollout/openpi/examples/libero/.venv/lib/python3.8/site-packages/robosuite/scripts/setup_macros.py (macros.py:55)
[robosuite WARNING] No private macro file found! (macros.py:53)
[robosuite WARNING] It is recommended to use a private macro file (macros.py:54)
[robosuite WARNING] To setup, run: python /coc/flash8/rbansal66/openpi_rollout/openpi/examples/libero/.venv/lib/python3.8/site-packages/robosuite/scripts/setup_macros.py (macros.py:55)
[robosuite WARNING] No private macro file found! (macros.py:53)
[robosuite WARNING] No private macro file found! (macros.py:53)
[robosuite WARNING] It is recommended to use a private macro file (macros.py:54)
[robosuite WARNING] It is recommended to use a private macro file (macros.py:54)
[robosuite WARNING] To setup, run: python /coc/flash8/rbansal66/openpi_rollout/openpi/examples/libero/.venv/lib/python3.8/site-packages/robosuite/scripts/setup_macros.py (macros.py:55)
[robosuite WARNING] To setup, run: python /coc/flash8/rbansal66/openpi_rollout/openpi/examples/libero/.venv/lib/python3.8/site-packages/robosuite/scripts/setup_macros.py (macros.py:55)
INFO:root:Loading model...
INFO:2025-11-04 13:44:16,977:jax._src.xla_bridge:925: Unable to initialize backend 'rocm': module 'jaxlib.xla_extension' has no attribute 'GpuAllocatorConfig'
INFO:jax._src.xla_bridge:Unable to initialize backend 'rocm': module 'jaxlib.xla_extension' has no attribute 'GpuAllocatorConfig'
INFO:2025-11-04 13:44:17,356:jax._src.xla_bridge:925: Unable to initialize backend 'tpu': INTERNAL: Failed to open libtpu.so: libtpu.so: cannot open shared object file: No such file or directory
INFO:jax._src.xla_bridge:Unable to initialize backend 'tpu': INTERNAL: Failed to open libtpu.so: libtpu.so: cannot open shared object file: No such file or directory
INFO:absl:orbax-checkpoint version: 0.11.13
INFO:absl:Created BasePyTreeCheckpointHandler: use_ocdbt=True, use_zarr3=False, pytree_metadata_options=PyTreeMetadataOptions(support_rich_types=False), array_metadata_store=<orbax.checkpoint._src.metadata.array_metadata_store.Store object at 0x7f1923bf2a10>
INFO:absl:Restoring checkpoint from /coc/flash8/rbansal66/openpi_rollout/openpi/.cache/openpi/openpi-assets/checkpoints/pi05_libero/params.
INFO:absl:[thread=MainThread] Failed to get flag value for EXPERIMENTAL_ORBAX_USE_DISTRIBUTED_PROCESS_ID.
INFO:absl:[process=0] /jax/checkpoint/read/bytes_per_sec: 383.3 MiB/s (total bytes: 6.2 GiB) (time elapsed: 16 seconds) (per-host)
INFO:absl:Finished restoring checkpoint in 16.69 seconds from /coc/flash8/rbansal66/openpi_rollout/openpi/.cache/openpi/openpi-assets/checkpoints/pi05_libero/params.
INFO:root:Norm stats not found in /coc/flash8/rbansal66/openpi_rollout/openpi/assets/pi05_libero/physical-intelligence/libero, skipping.
INFO:root:Loaded norm stats from /coc/flash8/rbansal66/openpi_rollout/openpi/.cache/openpi/openpi-assets/checkpoints/pi05_libero/assets/physical-intelligence/libero
INFO:root:Creating server (host: heistotron, ip: 127.0.1.1)
INFO:websockets.server:server listening on 0.0.0.0:8080
INFO:websockets.server:connection open
INFO:openpi.serving.websocket_policy_server:Connection from ('127.0.0.1', 35662) opened
INFO:websockets.server:connection open
INFO:openpi.serving.websocket_policy_server:Connection from ('127.0.0.1', 35676) opened
INFO:websockets.server:connection open
INFO:openpi.serving.websocket_policy_server:Connection from ('127.0.0.1', 35684) opened
/coc/flash8/rbansal66/openpi_rollout/openpi/examples/libero/.venv/lib/python3.8/site-packages/numba/np/arraymath.py:3845: DeprecationWarning: `np.MachAr` is deprecated (NumPy 1.22).
  @overload(np.MachAr)
Process SpawnPoolWorker-5:
Traceback (most recent call last):
  File "/usr/lib/python3.8/multiprocessing/process.py", line 315, in _bootstrap
    self.run()
  File "/usr/lib/python3.8/multiprocessing/process.py", line 108, in run
    self._target(*self._args, **self._kwargs)
  File "/usr/lib/python3.8/multiprocessing/pool.py", line 109, in worker
    initializer(*initargs)
  File "/coc/flash8/rbansal66/openpi_rollout/openpi/examples/libero/main_rtc_parallel.py", line 108, in init_worker
    ws_client = _websocket_client_policy.WebsocketClientPolicy(args.host, args.port, latency_ms=args.latency_ms)
  File "/coc/flash8/rbansal66/openpi_rollout/openpi/packages/openpi-client/src/openpi_client/websocket_client_policy.py", line 30, in __init__
    self._ws, self._server_metadata = self._wait_for_server()
  File "/coc/flash8/rbansal66/openpi_rollout/openpi/packages/openpi-client/src/openpi_client/websocket_client_policy.py", line 40, in _wait_for_server
    conn = websockets.sync.client.connect(
  File "/coc/flash8/rbansal66/openpi_rollout/openpi/examples/libero/.venv/lib/python3.8/site-packages/websockets/sync/client.py", line 296, in connect
    connection.handshake(
  File "/coc/flash8/rbansal66/openpi_rollout/openpi/examples/libero/.venv/lib/python3.8/site-packages/websockets/sync/client.py", line 83, in handshake
    raise TimeoutError("timed out during handshake")
TimeoutError: timed out during handshake
/coc/flash8/rbansal66/openpi_rollout/openpi/examples/libero/.venv/lib/python3.8/site-packages/numba/np/arraymath.py:3845: DeprecationWarning: `np.MachAr` is deprecated (NumPy 1.22).
  @overload(np.MachAr)
Process SpawnPoolWorker-4:
Traceback (most recent call last):
  File "/usr/lib/python3.8/multiprocessing/process.py", line 315, in _bootstrap
    self.run()
  File "/usr/lib/python3.8/multiprocessing/process.py", line 108, in run
    self._target(*self._args, **self._kwargs)
  File "/usr/lib/python3.8/multiprocessing/pool.py", line 109, in worker
    initializer(*initargs)
  File "/coc/flash8/rbansal66/openpi_rollout/openpi/examples/libero/main_rtc_parallel.py", line 108, in init_worker
    ws_client = _websocket_client_policy.WebsocketClientPolicy(args.host, args.port, latency_ms=args.latency_ms)
  File "/coc/flash8/rbansal66/openpi_rollout/openpi/packages/openpi-client/src/openpi_client/websocket_client_policy.py", line 30, in __init__
    self._ws, self._server_metadata = self._wait_for_server()
  File "/coc/flash8/rbansal66/openpi_rollout/openpi/packages/openpi-client/src/openpi_client/websocket_client_policy.py", line 40, in _wait_for_server
    conn = websockets.sync.client.connect(
  File "/coc/flash8/rbansal66/openpi_rollout/openpi/examples/libero/.venv/lib/python3.8/site-packages/websockets/sync/client.py", line 296, in connect
    connection.handshake(
  File "/coc/flash8/rbansal66/openpi_rollout/openpi/examples/libero/.venv/lib/python3.8/site-packages/websockets/sync/client.py", line 83, in handshake
    raise TimeoutError("timed out during handshake")
TimeoutError: timed out during handshake
/coc/flash8/rbansal66/openpi_rollout/openpi/examples/libero/.venv/lib/python3.8/site-packages/numba/np/arraymath.py:3845: DeprecationWarning: `np.MachAr` is deprecated (NumPy 1.22).
  @overload(np.MachAr)
Process SpawnPoolWorker-7:
Traceback (most recent call last):
  File "/usr/lib/python3.8/multiprocessing/process.py", line 315, in _bootstrap
    self.run()
  File "/usr/lib/python3.8/multiprocessing/process.py", line 108, in run
    self._target(*self._args, **self._kwargs)
  File "/usr/lib/python3.8/multiprocessing/pool.py", line 109, in worker
    initializer(*initargs)
  File "/coc/flash8/rbansal66/openpi_rollout/openpi/examples/libero/main_rtc_parallel.py", line 108, in init_worker
    ws_client = _websocket_client_policy.WebsocketClientPolicy(args.host, args.port, latency_ms=args.latency_ms)
  File "/coc/flash8/rbansal66/openpi_rollout/openpi/packages/openpi-client/src/openpi_client/websocket_client_policy.py", line 30, in __init__
    self._ws, self._server_metadata = self._wait_for_server()
  File "/coc/flash8/rbansal66/openpi_rollout/openpi/packages/openpi-client/src/openpi_client/websocket_client_policy.py", line 40, in _wait_for_server
    conn = websockets.sync.client.connect(
  File "/coc/flash8/rbansal66/openpi_rollout/openpi/examples/libero/.venv/lib/python3.8/site-packages/websockets/sync/client.py", line 296, in connect
    connection.handshake(
  File "/coc/flash8/rbansal66/openpi_rollout/openpi/examples/libero/.venv/lib/python3.8/site-packages/websockets/sync/client.py", line 83, in handshake
    raise TimeoutError("timed out during handshake")
TimeoutError: timed out during handshake
[robosuite WARNING] No private macro file found! (macros.py:53)
[robosuite WARNING] It is recommended to use a private macro file (macros.py:54)
[robosuite WARNING] To setup, run: python /coc/flash8/rbansal66/openpi_rollout/openpi/examples/libero/.venv/lib/python3.8/site-packages/robosuite/scripts/setup_macros.py (macros.py:55)
[robosuite WARNING] No private macro file found! (macros.py:53)
[robosuite WARNING] It is recommended to use a private macro file (macros.py:54)
[robosuite WARNING] To setup, run: python /coc/flash8/rbansal66/openpi_rollout/openpi/examples/libero/.venv/lib/python3.8/site-packages/robosuite/scripts/setup_macros.py (macros.py:55)
[robosuite WARNING] No private macro file found! (macros.py:53)
[robosuite WARNING] It is recommended to use a private macro file (macros.py:54)
[robosuite WARNING] To setup, run: python /coc/flash8/rbansal66/openpi_rollout/openpi/examples/libero/.venv/lib/python3.8/site-packages/robosuite/scripts/setup_macros.py (macros.py:55)
/coc/flash8/rbansal66/openpi_rollout/openpi/examples/libero/.venv/lib/python3.8/site-packages/numba/np/arraymath.py:3845: DeprecationWarning: `np.MachAr` is deprecated (NumPy 1.22).
  @overload(np.MachAr)
Process SpawnPoolWorker-8:
Traceback (most recent call last):
  File "/usr/lib/python3.8/multiprocessing/process.py", line 315, in _bootstrap
    self.run()
  File "/usr/lib/python3.8/multiprocessing/process.py", line 108, in run
    self._target(*self._args, **self._kwargs)
  File "/usr/lib/python3.8/multiprocessing/pool.py", line 109, in worker
    initializer(*initargs)
  File "/coc/flash8/rbansal66/openpi_rollout/openpi/examples/libero/main_rtc_parallel.py", line 108, in init_worker
    ws_client = _websocket_client_policy.WebsocketClientPolicy(args.host, args.port, latency_ms=args.latency_ms)
  File "/coc/flash8/rbansal66/openpi_rollout/openpi/packages/openpi-client/src/openpi_client/websocket_client_policy.py", line 30, in __init__
    self._ws, self._server_metadata = self._wait_for_server()
  File "/coc/flash8/rbansal66/openpi_rollout/openpi/packages/openpi-client/src/openpi_client/websocket_client_policy.py", line 40, in _wait_for_server
    conn = websockets.sync.client.connect(
  File "/coc/flash8/rbansal66/openpi_rollout/openpi/examples/libero/.venv/lib/python3.8/site-packages/websockets/sync/client.py", line 296, in connect
    connection.handshake(
  File "/coc/flash8/rbansal66/openpi_rollout/openpi/examples/libero/.venv/lib/python3.8/site-packages/websockets/sync/client.py", line 83, in handshake
    raise TimeoutError("timed out during handshake")
TimeoutError: timed out during handshake
/coc/flash8/rbansal66/openpi_rollout/openpi/examples/libero/.venv/lib/python3.8/site-packages/numba/np/arraymath.py:3845: DeprecationWarning: `np.MachAr` is deprecated (NumPy 1.22).
  @overload(np.MachAr)
Process SpawnPoolWorker-9:
Traceback (most recent call last):
  File "/usr/lib/python3.8/multiprocessing/process.py", line 315, in _bootstrap
    self.run()
  File "/usr/lib/python3.8/multiprocessing/process.py", line 108, in run
    self._target(*self._args, **self._kwargs)
  File "/usr/lib/python3.8/multiprocessing/pool.py", line 109, in worker
    initializer(*initargs)
  File "/coc/flash8/rbansal66/openpi_rollout/openpi/examples/libero/main_rtc_parallel.py", line 108, in init_worker
    ws_client = _websocket_client_policy.WebsocketClientPolicy(args.host, args.port, latency_ms=args.latency_ms)
  File "/coc/flash8/rbansal66/openpi_rollout/openpi/packages/openpi-client/src/openpi_client/websocket_client_policy.py", line 30, in __init__
    self._ws, self._server_metadata = self._wait_for_server()
  File "/coc/flash8/rbansal66/openpi_rollout/openpi/packages/openpi-client/src/openpi_client/websocket_client_policy.py", line 40, in _wait_for_server
    conn = websockets.sync.client.connect(
  File "/coc/flash8/rbansal66/openpi_rollout/openpi/examples/libero/.venv/lib/python3.8/site-packages/websockets/sync/client.py", line 296, in connect
    connection.handshake(
  File "/coc/flash8/rbansal66/openpi_rollout/openpi/examples/libero/.venv/lib/python3.8/site-packages/websockets/sync/client.py", line 83, in handshake
    raise TimeoutError("timed out during handshake")
TimeoutError: timed out during handshake
/coc/flash8/rbansal66/openpi_rollout/openpi/examples/libero/.venv/lib/python3.8/site-packages/numba/np/arraymath.py:3845: DeprecationWarning: `np.MachAr` is deprecated (NumPy 1.22).
  @overload(np.MachAr)
Process SpawnPoolWorker-10:
Traceback (most recent call last):
  File "/usr/lib/python3.8/multiprocessing/process.py", line 315, in _bootstrap
    self.run()
  File "/usr/lib/python3.8/multiprocessing/process.py", line 108, in run
    self._target(*self._args, **self._kwargs)
  File "/usr/lib/python3.8/multiprocessing/pool.py", line 109, in worker
    initializer(*initargs)
  File "/coc/flash8/rbansal66/openpi_rollout/openpi/examples/libero/main_rtc_parallel.py", line 108, in init_worker
    ws_client = _websocket_client_policy.WebsocketClientPolicy(args.host, args.port, latency_ms=args.latency_ms)
  File "/coc/flash8/rbansal66/openpi_rollout/openpi/packages/openpi-client/src/openpi_client/websocket_client_policy.py", line 30, in __init__
    self._ws, self._server_metadata = self._wait_for_server()
  File "/coc/flash8/rbansal66/openpi_rollout/openpi/packages/openpi-client/src/openpi_client/websocket_client_policy.py", line 40, in _wait_for_server
    conn = websockets.sync.client.connect(
  File "/coc/flash8/rbansal66/openpi_rollout/openpi/examples/libero/.venv/lib/python3.8/site-packages/websockets/sync/client.py", line 296, in connect
    connection.handshake(
  File "/coc/flash8/rbansal66/openpi_rollout/openpi/examples/libero/.venv/lib/python3.8/site-packages/websockets/sync/client.py", line 83, in handshake
    raise TimeoutError("timed out during handshake")
TimeoutError: timed out during handshake
[robosuite WARNING] No private macro file found! (macros.py:53)
[robosuite WARNING] It is recommended to use a private macro file (macros.py:54)
[robosuite WARNING] To setup, run: python /coc/flash8/rbansal66/openpi_rollout/openpi/examples/libero/.venv/lib/python3.8/site-packages/robosuite/scripts/setup_macros.py (macros.py:55)
[robosuite WARNING] No private macro file found! (macros.py:53)
[robosuite WARNING] It is recommended to use a private macro file (macros.py:54)
[robosuite WARNING] To setup, run: python /coc/flash8/rbansal66/openpi_rollout/openpi/examples/libero/.venv/lib/python3.8/site-packages/robosuite/scripts/setup_macros.py (macros.py:55)
[robosuite WARNING] No private macro file found! (macros.py:53)
[robosuite WARNING] It is recommended to use a private macro file (macros.py:54)
[robosuite WARNING] To setup, run: python /coc/flash8/rbansal66/openpi_rollout/openpi/examples/libero/.venv/lib/python3.8/site-packages/robosuite/scripts/setup_macros.py (macros.py:55)
ERROR:websockets.server:opening handshake failed
Traceback (most recent call last):
  File "/coc/flash8/rbansal66/openpi_rollout/openpi/.venv/lib/python3.11/site-packages/websockets/asyncio/server.py", line 356, in conn_handler
    await connection.handshake(
  File "/coc/flash8/rbansal66/openpi_rollout/openpi/.venv/lib/python3.11/site-packages/websockets/asyncio/server.py", line 142, in handshake
    async with self.send_context(expected_state=CONNECTING):
  File "/nethome/rbansal66/.local/share/uv/python/cpython-3.11.14-linux-x86_64-gnu/lib/python3.11/contextlib.py", line 210, in __aenter__
    return await anext(self.gen)
           ^^^^^^^^^^^^^^^^^^^^^
  File "/coc/flash8/rbansal66/openpi_rollout/openpi/.venv/lib/python3.11/site-packages/websockets/asyncio/connection.py", line 957, in send_context
    raise self.protocol.close_exc from original_exc
websockets.exceptions.ConnectionClosedError: no close frame received or sent
ERROR:websockets.server:opening handshake failed
Traceback (most recent call last):
  File "/coc/flash8/rbansal66/openpi_rollout/openpi/.venv/lib/python3.11/site-packages/websockets/asyncio/server.py", line 356, in conn_handler
    await connection.handshake(
  File "/coc/flash8/rbansal66/openpi_rollout/openpi/.venv/lib/python3.11/site-packages/websockets/asyncio/server.py", line 142, in handshake
    async with self.send_context(expected_state=CONNECTING):
  File "/nethome/rbansal66/.local/share/uv/python/cpython-3.11.14-linux-x86_64-gnu/lib/python3.11/contextlib.py", line 210, in __aenter__
    return await anext(self.gen)
           ^^^^^^^^^^^^^^^^^^^^^
  File "/coc/flash8/rbansal66/openpi_rollout/openpi/.venv/lib/python3.11/site-packages/websockets/asyncio/connection.py", line 957, in send_context
    raise self.protocol.close_exc from original_exc
websockets.exceptions.ConnectionClosedError: no close frame received or sent
ERROR:websockets.server:opening handshake failed
Traceback (most recent call last):
  File "/coc/flash8/rbansal66/openpi_rollout/openpi/.venv/lib/python3.11/site-packages/websockets/asyncio/server.py", line 356, in conn_handler
    await connection.handshake(
  File "/coc/flash8/rbansal66/openpi_rollout/openpi/.venv/lib/python3.11/site-packages/websockets/asyncio/server.py", line 142, in handshake
    async with self.send_context(expected_state=CONNECTING):
  File "/nethome/rbansal66/.local/share/uv/python/cpython-3.11.14-linux-x86_64-gnu/lib/python3.11/contextlib.py", line 210, in __aenter__
    return await anext(self.gen)
           ^^^^^^^^^^^^^^^^^^^^^
  File "/coc/flash8/rbansal66/openpi_rollout/openpi/.venv/lib/python3.11/site-packages/websockets/asyncio/connection.py", line 957, in send_context
    raise self.protocol.close_exc from original_exc
websockets.exceptions.ConnectionClosedError: no close frame received or sent
ERROR:websockets.server:opening handshake failed
Traceback (most recent call last):
  File "/coc/flash8/rbansal66/openpi_rollout/openpi/.venv/lib/python3.11/site-packages/websockets/asyncio/server.py", line 356, in conn_handler
    await connection.handshake(
  File "/coc/flash8/rbansal66/openpi_rollout/openpi/.venv/lib/python3.11/site-packages/websockets/asyncio/server.py", line 142, in handshake
    async with self.send_context(expected_state=CONNECTING):
  File "/nethome/rbansal66/.local/share/uv/python/cpython-3.11.14-linux-x86_64-gnu/lib/python3.11/contextlib.py", line 210, in __aenter__
    return await anext(self.gen)
           ^^^^^^^^^^^^^^^^^^^^^
  File "/coc/flash8/rbansal66/openpi_rollout/openpi/.venv/lib/python3.11/site-packages/websockets/asyncio/connection.py", line 957, in send_context
    raise self.protocol.close_exc from original_exc
websockets.exceptions.ConnectionClosedError: no close frame received or sent
ERROR:websockets.server:opening handshake failed
Traceback (most recent call last):
  File "/coc/flash8/rbansal66/openpi_rollout/openpi/.venv/lib/python3.11/site-packages/websockets/asyncio/server.py", line 356, in conn_handler
    await connection.handshake(
  File "/coc/flash8/rbansal66/openpi_rollout/openpi/.venv/lib/python3.11/site-packages/websockets/asyncio/server.py", line 142, in handshake
    async with self.send_context(expected_state=CONNECTING):
  File "/nethome/rbansal66/.local/share/uv/python/cpython-3.11.14-linux-x86_64-gnu/lib/python3.11/contextlib.py", line 210, in __aenter__
    return await anext(self.gen)
           ^^^^^^^^^^^^^^^^^^^^^
  File "/coc/flash8/rbansal66/openpi_rollout/openpi/.venv/lib/python3.11/site-packages/websockets/asyncio/connection.py", line 957, in send_context
    raise self.protocol.close_exc from original_exc
websockets.exceptions.ConnectionClosedError: no close frame received or sent
ERROR:websockets.server:opening handshake failed
Traceback (most recent call last):
  File "/coc/flash8/rbansal66/openpi_rollout/openpi/.venv/lib/python3.11/site-packages/websockets/asyncio/server.py", line 356, in conn_handler
    await connection.handshake(
  File "/coc/flash8/rbansal66/openpi_rollout/openpi/.venv/lib/python3.11/site-packages/websockets/asyncio/server.py", line 142, in handshake
    async with self.send_context(expected_state=CONNECTING):
  File "/nethome/rbansal66/.local/share/uv/python/cpython-3.11.14-linux-x86_64-gnu/lib/python3.11/contextlib.py", line 210, in __aenter__
    return await anext(self.gen)
           ^^^^^^^^^^^^^^^^^^^^^
  File "/coc/flash8/rbansal66/openpi_rollout/openpi/.venv/lib/python3.11/site-packages/websockets/asyncio/connection.py", line 957, in send_context
    raise self.protocol.close_exc from original_exc
websockets.exceptions.ConnectionClosedError: no close frame received or sent
INFO:websockets.server:connection open
INFO:openpi.serving.websocket_policy_server:Connection from ('127.0.0.1', 35608) opened
INFO:websockets.server:connection open
INFO:openpi.serving.websocket_policy_server:Connection from ('127.0.0.1', 35616) opened
INFO:websockets.server:connection open
INFO:openpi.serving.websocket_policy_server:Connection from ('127.0.0.1', 35622) opened
INFO:openpi.serving.websocket_policy_server:Connection from ('127.0.0.1', 35662) closed
INFO:openpi.serving.websocket_policy_server:Connection from ('127.0.0.1', 35684) closed
INFO:openpi.serving.websocket_policy_server:Connection from ('127.0.0.1', 35622) closed
INFO:openpi.serving.websocket_policy_server:Connection from ('127.0.0.1', 35676) closed
INFO:openpi.serving.websocket_policy_server:Connection from ('127.0.0.1', 35616) closed
INFO:openpi.serving.websocket_policy_server:Connection from ('127.0.0.1', 35608) closed
  0%|          | 0/10 [03:02<?, ?it/s]
multiprocessing.pool.RemoteTraceback: 
"""
Traceback (most recent call last):
  File "/usr/lib/python3.8/multiprocessing/pool.py", line 125, in worker
    result = (True, func(*args, **kwds))
  File "/coc/flash8/rbansal66/openpi_rollout/openpi/examples/libero/main_rtc_parallel.py", line 128, in _eval_libero_wrapper
    return eval_libero(*task_args)
  File "/coc/flash8/rbansal66/openpi_rollout/openpi/examples/libero/main_rtc_parallel.py", line 258, in eval_libero
    imageio.mimwrite(
  File "/coc/flash8/rbansal66/openpi_rollout/openpi/examples/libero/.venv/lib/python3.8/site-packages/imageio/v2.py", line 494, in mimwrite
    with imopen(uri, "wI", **imopen_args) as file:
  File "/coc/flash8/rbansal66/openpi_rollout/openpi/examples/libero/.venv/lib/python3.8/site-packages/imageio/core/imopen.py", line 113, in imopen
    request = Request(uri, io_mode, format_hint=format_hint, extension=extension)
  File "/coc/flash8/rbansal66/openpi_rollout/openpi/examples/libero/.venv/lib/python3.8/site-packages/imageio/core/request.py", line 247, in __init__
    self._parse_uri(uri)
  File "/coc/flash8/rbansal66/openpi_rollout/openpi/examples/libero/.venv/lib/python3.8/site-packages/imageio/core/request.py", line 412, in _parse_uri
    raise FileNotFoundError("The directory %r does not exist" % dn)
FileNotFoundError: The directory '/coc/flash8/rbansal66/openpi_rollout/openpi/data/libero/videos/20251104_134232_rtcFalse_lat150.0_hrzn10_parallel/horizon_10' does not exist
"""

The above exception was the direct cause of the following exception:

Traceback (most recent call last):
  File "examples/libero/main_rtc_parallel.py", line 602, in <module>
    tyro.cli(main)
  File "/coc/flash8/rbansal66/openpi_rollout/openpi/examples/libero/.venv/lib/python3.8/site-packages/tyro/_cli.py", line 191, in cli
    return run_with_args_from_cli()
  File "examples/libero/main_rtc_parallel.py", line 535, in main
    run_experiment_for_latency(args, latency_value, timestamp, task_suite, num_tasks_in_suite, custom, bddl_file_path, language)
  File "examples/libero/main_rtc_parallel.py", line 411, in run_experiment_for_latency
    episode_results = list(results)
  File "/usr/lib/python3.8/multiprocessing/pool.py", line 868, in next
    raise value
FileNotFoundError: The directory '/coc/flash8/rbansal66/openpi_rollout/openpi/data/libero/videos/20251104_134232_rtcFalse_lat150.0_hrzn10_parallel/horizon_10' does not exist
