warning: The `tool.uv.dev-dependencies` field (used in `packages/openpi-client/pyproject.toml`) is deprecated and will be removed in a future release; use `dependency-groups.dev` instead
[robosuite WARNING] No private macro file found! (macros.py:53)
[robosuite WARNING] It is recommended to use a private macro file (macros.py:54)
[robosuite WARNING] To setup, run: python /coc/flash8/rbansal66/openpi_rollout/openpi/examples/libero/.venv/lib/python3.8/site-packages/robosuite/scripts/setup_macros.py (macros.py:55)
INFO:root:Task suite: libero_10
INFO:root:Waiting for server at ws://0.0.0.0:8080...
INFO:root:Still waiting for server...
INFO:root:Still waiting for server...
INFO:root:Loading model...
INFO:2025-10-28 21:54:20,995:jax._src.xla_bridge:925: Unable to initialize backend 'rocm': module 'jaxlib.xla_extension' has no attribute 'GpuAllocatorConfig'
INFO:jax._src.xla_bridge:Unable to initialize backend 'rocm': module 'jaxlib.xla_extension' has no attribute 'GpuAllocatorConfig'
INFO:2025-10-28 21:54:21,004:jax._src.xla_bridge:925: Unable to initialize backend 'tpu': INTERNAL: Failed to open libtpu.so: libtpu.so: cannot open shared object file: No such file or directory
INFO:jax._src.xla_bridge:Unable to initialize backend 'tpu': INTERNAL: Failed to open libtpu.so: libtpu.so: cannot open shared object file: No such file or directory
INFO:absl:orbax-checkpoint version: 0.11.13
INFO:absl:Created BasePyTreeCheckpointHandler: use_ocdbt=True, use_zarr3=False, pytree_metadata_options=PyTreeMetadataOptions(support_rich_types=False), array_metadata_store=<orbax.checkpoint._src.metadata.array_metadata_store.Store object at 0x7f748197a9d0>
INFO:absl:Restoring checkpoint from /coc/flash8/rbansal66/openpi/checkpoints/pi05_libero_act_horizon_50_fullnode/pi05_libero_act_horizon_50_fullnode/7000/params.
INFO:absl:[thread=MainThread] Failed to get flag value for EXPERIMENTAL_ORBAX_USE_DISTRIBUTED_PROCESS_ID.
INFO:root:Still waiting for server...
INFO:root:Still waiting for server...
INFO:root:Still waiting for server...
INFO:absl:[process=0] /jax/checkpoint/read/bytes_per_sec: 568.0 MiB/s (total bytes: 6.3 GiB) (time elapsed: 11 seconds) (per-host)
INFO:absl:Finished restoring checkpoint in 11.43 seconds from /coc/flash8/rbansal66/openpi/checkpoints/pi05_libero_act_horizon_50_fullnode/pi05_libero_act_horizon_50_fullnode/7000/params.
INFO:root:Norm stats not found in /coc/flash8/rbansal66/openpi_rollout/openpi/assets/pi05_libero_act_horizon_50_fullnode/physical-intelligence/libero, skipping.
INFO:root:Loaded norm stats from /coc/flash8/rbansal66/openpi/checkpoints/pi05_libero_act_horizon_50_fullnode/pi05_libero_act_horizon_50_fullnode/7000/assets/physical-intelligence/libero
INFO:root:Creating server (host: sonny, ip: 127.0.1.1)
INFO:websockets.server:server listening on 0.0.0.0:8080
INFO:websockets.server:connection open
INFO:openpi.serving.websocket_policy_server:Connection from ('127.0.0.1', 35318) opened
  0%|          | 0/10 [00:00<?, ?it/s]/coc/flash8/rbansal66/openpi_rollout/openpi/examples/libero/.venv/lib/python3.8/site-packages/numba/np/arraymath.py:3845: DeprecationWarning: `np.MachAr` is deprecated (NumPy 1.22).
  @overload(np.MachAr)

  0%|          | 0/20 [00:00<?, ?it/s][AINFO:root:
Task: put both the alphabet soup and the tomato sauce in the basket
INFO:root:Starting episode 1...
INFO:root:Success: False
INFO:root:# episodes completed so far: 1
INFO:root:# successes: 0 (0.0%)

  5%|â–Œ         | 1/20 [01:20<25:23, 80.20s/it][AINFO:root:
Task: put both the alphabet soup and the tomato sauce in the basket
INFO:root:Starting episode 2...
INFO:root:Success: False
INFO:root:# episodes completed so far: 2
INFO:root:# successes: 0 (0.0%)

 10%|â–ˆ         | 2/20 [01:36<12:51, 42.89s/it][AINFO:root:
Task: put both the alphabet soup and the tomato sauce in the basket
INFO:root:Starting episode 3...
INFO:root:Success: False
INFO:root:# episodes completed so far: 3
INFO:root:# successes: 0 (0.0%)

 15%|â–ˆâ–Œ        | 3/20 [01:53<08:47, 31.00s/it][AINFO:root:
Task: put both the alphabet soup and the tomato sauce in the basket
INFO:root:Starting episode 4...
INFO:root:Success: False
INFO:root:# episodes completed so far: 4
INFO:root:# successes: 0 (0.0%)

 20%|â–ˆâ–ˆ        | 4/20 [02:10<06:44, 25.30s/it][AINFO:root:
Task: put both the alphabet soup and the tomato sauce in the basket
INFO:root:Starting episode 5...
INFO:root:Success: False
INFO:root:# episodes completed so far: 5
INFO:root:# successes: 0 (0.0%)

 25%|â–ˆâ–ˆâ–Œ       | 5/20 [02:26<05:31, 22.10s/it][AINFO:root:
Task: put both the alphabet soup and the tomato sauce in the basket
INFO:root:Starting episode 6...
INFO:root:Success: False
INFO:root:# episodes completed so far: 6
INFO:root:# successes: 0 (0.0%)

 30%|â–ˆâ–ˆâ–ˆ       | 6/20 [02:43<04:42, 20.17s/it][AINFO:root:
Task: put both the alphabet soup and the tomato sauce in the basket
INFO:root:Starting episode 7...
INFO:root:Success: False
INFO:root:# episodes completed so far: 7
INFO:root:# successes: 0 (0.0%)

 35%|â–ˆâ–ˆâ–ˆâ–Œ      | 7/20 [03:00<04:08, 19.12s/it][AINFO:root:
Task: put both the alphabet soup and the tomato sauce in the basket
INFO:root:Starting episode 8...
INFO:root:Success: True
INFO:root:# episodes completed so far: 8
INFO:root:# successes: 1 (12.5%)

 40%|â–ˆâ–ˆâ–ˆâ–ˆ      | 8/20 [03:13<03:28, 17.35s/it][AINFO:root:
Task: put both the alphabet soup and the tomato sauce in the basket
INFO:root:Starting episode 9...
INFO:root:Success: False
INFO:root:# episodes completed so far: 9
INFO:root:# successes: 1 (11.1%)

 45%|â–ˆâ–ˆâ–ˆâ–ˆâ–Œ     | 9/20 [03:30<03:08, 17.10s/it][AINFO:root:
Task: put both the alphabet soup and the tomato sauce in the basket
INFO:root:Starting episode 10...
INFO:root:Success: True
INFO:root:# episodes completed so far: 10
INFO:root:# successes: 2 (20.0%)

 50%|â–ˆâ–ˆâ–ˆâ–ˆâ–ˆ     | 10/20 [03:42<02:36, 15.68s/it][AINFO:root:
Task: put both the alphabet soup and the tomato sauce in the basket
INFO:root:Starting episode 11...
INFO:root:Success: True
INFO:root:# episodes completed so far: 11
INFO:root:# successes: 3 (27.3%)

 55%|â–ˆâ–ˆâ–ˆâ–ˆâ–ˆâ–Œ    | 11/20 [03:54<02:10, 14.55s/it][AINFO:root:
Task: put both the alphabet soup and the tomato sauce in the basket
INFO:root:Starting episode 12...
INFO:root:Success: False
INFO:root:# episodes completed so far: 12
INFO:root:# successes: 3 (25.0%)

 60%|â–ˆâ–ˆâ–ˆâ–ˆâ–ˆâ–ˆ    | 12/20 [04:11<02:01, 15.14s/it][AINFO:root:
Task: put both the alphabet soup and the tomato sauce in the basket
INFO:root:Starting episode 13...
INFO:root:Success: False
INFO:root:# episodes completed so far: 13
INFO:root:# successes: 3 (23.1%)

 65%|â–ˆâ–ˆâ–ˆâ–ˆâ–ˆâ–ˆâ–Œ   | 13/20 [04:27<01:49, 15.58s/it][AINFO:root:
Task: put both the alphabet soup and the tomato sauce in the basket
INFO:root:Starting episode 14...
INFO:root:Success: False
INFO:root:# episodes completed so far: 14
INFO:root:# successes: 3 (21.4%)

 70%|â–ˆâ–ˆâ–ˆâ–ˆâ–ˆâ–ˆâ–ˆ   | 14/20 [04:44<01:35, 15.90s/it][AINFO:root:
Task: put both the alphabet soup and the tomato sauce in the basket
INFO:root:Starting episode 15...
INFO:root:Success: False
INFO:root:# episodes completed so far: 15
INFO:root:# successes: 3 (20.0%)

 75%|â–ˆâ–ˆâ–ˆâ–ˆâ–ˆâ–ˆâ–ˆâ–Œ  | 15/20 [05:00<01:20, 16.01s/it][AINFO:root:
Task: put both the alphabet soup and the tomato sauce in the basket
INFO:root:Starting episode 16...
INFO:root:Success: False
INFO:root:# episodes completed so far: 16
INFO:root:# successes: 3 (18.8%)

 80%|â–ˆâ–ˆâ–ˆâ–ˆâ–ˆâ–ˆâ–ˆâ–ˆ  | 16/20 [05:17<01:04, 16.09s/it][AINFO:root:
Task: put both the alphabet soup and the tomato sauce in the basket
INFO:root:Starting episode 17...
INFO:root:Success: False
INFO:root:# episodes completed so far: 17
INFO:root:# successes: 3 (17.6%)

 85%|â–ˆâ–ˆâ–ˆâ–ˆâ–ˆâ–ˆâ–ˆâ–ˆâ–Œ | 17/20 [05:33<00:48, 16.22s/it][AINFO:root:
Task: put both the alphabet soup and the tomato sauce in the basket
INFO:root:Starting episode 18...
INFO:root:Success: False
INFO:root:# episodes completed so far: 18
INFO:root:# successes: 3 (16.7%)

 90%|â–ˆâ–ˆâ–ˆâ–ˆâ–ˆâ–ˆâ–ˆâ–ˆâ–ˆ | 18/20 [05:50<00:32, 16.32s/it][AINFO:root:
Task: put both the alphabet soup and the tomato sauce in the basket
INFO:root:Starting episode 19...
INFO:root:Success: False
INFO:root:# episodes completed so far: 19
INFO:root:# successes: 3 (15.8%)

 95%|â–ˆâ–ˆâ–ˆâ–ˆâ–ˆâ–ˆâ–ˆâ–ˆâ–ˆâ–Œ| 19/20 [06:06<00:16, 16.33s/it][AINFO:root:
Task: put both the alphabet soup and the tomato sauce in the basket
INFO:root:Starting episode 20...
INFO:root:Success: False
INFO:root:# episodes completed so far: 20
INFO:root:# successes: 3 (15.0%)

100%|â–ˆâ–ˆâ–ˆâ–ˆâ–ˆâ–ˆâ–ˆâ–ˆâ–ˆâ–ˆ| 20/20 [06:23<00:00, 16.58s/it][A100%|â–ˆâ–ˆâ–ˆâ–ˆâ–ˆâ–ˆâ–ˆâ–ˆâ–ˆâ–ˆ| 20/20 [06:23<00:00, 19.18s/it]
INFO:root:Current task success rate: 0.15
INFO:root:Current total success rate: 0.15
 10%|â–ˆ         | 1/10 [06:26<57:57, 386.38s/it]
  0%|          | 0/20 [00:00<?, ?it/s][AINFO:root:
Task: turn on the stove and put the moka pot on it
INFO:root:Starting episode 1...
INFO:root:Success: False
INFO:root:# episodes completed so far: 21
INFO:root:# successes: 3 (14.3%)

  5%|â–Œ         | 1/20 [00:14<04:33, 14.40s/it][AINFO:root:
Task: turn on the stove and put the moka pot on it
INFO:root:Starting episode 2...
INFO:root:Success: False
INFO:root:# episodes completed so far: 22
INFO:root:# successes: 3 (13.6%)

 10%|â–ˆ         | 2/20 [00:28<04:16, 14.27s/it][AINFO:root:
Task: turn on the stove and put the moka pot on it
INFO:root:Starting episode 3...
INFO:root:Success: False
INFO:root:# episodes completed so far: 23
INFO:root:# successes: 3 (13.0%)

 15%|â–ˆâ–Œ        | 3/20 [00:43<04:04, 14.35s/it][AINFO:root:
Task: turn on the stove and put the moka pot on it
INFO:root:Starting episode 4...
INFO:root:Success: False
INFO:root:# episodes completed so far: 24
INFO:root:# successes: 3 (12.5%)

 20%|â–ˆâ–ˆ        | 4/20 [00:57<03:49, 14.34s/it][AINFO:root:
Task: turn on the stove and put the moka pot on it
INFO:root:Starting episode 5...
INFO:root:Success: False
INFO:root:# episodes completed so far: 25
INFO:root:# successes: 3 (12.0%)

 25%|â–ˆâ–ˆâ–Œ       | 5/20 [01:11<03:35, 14.35s/it][AINFO:root:
Task: turn on the stove and put the moka pot on it
INFO:root:Starting episode 6...
INFO:root:Success: False
INFO:root:# episodes completed so far: 26
INFO:root:# successes: 3 (11.5%)

 30%|â–ˆâ–ˆâ–ˆ       | 6/20 [01:26<03:21, 14.40s/it][AINFO:root:
Task: turn on the stove and put the moka pot on it
INFO:root:Starting episode 7...
INFO:root:Success: False
INFO:root:# episodes completed so far: 27
INFO:root:# successes: 3 (11.1%)

 35%|â–ˆâ–ˆâ–ˆâ–Œ      | 7/20 [01:40<03:07, 14.45s/it][AINFO:root:
Task: turn on the stove and put the moka pot on it
INFO:root:Starting episode 8...
INFO:root:Success: False
INFO:root:# episodes completed so far: 28
INFO:root:# successes: 3 (10.7%)

 40%|â–ˆâ–ˆâ–ˆâ–ˆ      | 8/20 [01:55<02:52, 14.38s/it][AINFO:root:
Task: turn on the stove and put the moka pot on it
INFO:root:Starting episode 9...
INFO:root:Success: False
INFO:root:# episodes completed so far: 29
INFO:root:# successes: 3 (10.3%)

 45%|â–ˆâ–ˆâ–ˆâ–ˆâ–Œ     | 9/20 [02:09<02:38, 14.41s/it][AINFO:root:
Task: turn on the stove and put the moka pot on it
INFO:root:Starting episode 10...
INFO:root:Success: True
INFO:root:# episodes completed so far: 30
INFO:root:# successes: 4 (13.3%)

 50%|â–ˆâ–ˆâ–ˆâ–ˆâ–ˆ     | 10/20 [02:18<02:08, 12.80s/it][AINFO:root:
Task: turn on the stove and put the moka pot on it
INFO:root:Starting episode 11...
INFO:root:Success: False
INFO:root:# episodes completed so far: 31
INFO:root:# successes: 4 (12.9%)

 55%|â–ˆâ–ˆâ–ˆâ–ˆâ–ˆâ–Œ    | 11/20 [02:32<01:58, 13.20s/it][AINFO:root:
Task: turn on the stove and put the moka pot on it
INFO:root:Starting episode 12...
INFO:root:Success: False
INFO:root:# episodes completed so far: 32
INFO:root:# successes: 4 (12.5%)

 60%|â–ˆâ–ˆâ–ˆâ–ˆâ–ˆâ–ˆ    | 12/20 [02:47<01:48, 13.52s/it][AINFO:root:
Task: turn on the stove and put the moka pot on it
INFO:root:Starting episode 13...
INFO:root:Success: False
INFO:root:# episodes completed so far: 33
INFO:root:# successes: 4 (12.1%)

 65%|â–ˆâ–ˆâ–ˆâ–ˆâ–ˆâ–ˆâ–Œ   | 13/20 [03:01<01:36, 13.73s/it][AINFO:root:
Task: turn on the stove and put the moka pot on it
INFO:root:Starting episode 14...
INFO:root:Success: False
INFO:root:# episodes completed so far: 34
INFO:root:# successes: 4 (11.8%)

 70%|â–ˆâ–ˆâ–ˆâ–ˆâ–ˆâ–ˆâ–ˆ   | 14/20 [03:15<01:23, 13.96s/it][AINFO:root:
Task: turn on the stove and put the moka pot on it
INFO:root:Starting episode 15...
INFO:root:Success: False
INFO:root:# episodes completed so far: 35
INFO:root:# successes: 4 (11.4%)

 75%|â–ˆâ–ˆâ–ˆâ–ˆâ–ˆâ–ˆâ–ˆâ–Œ  | 15/20 [03:30<01:10, 14.12s/it][AINFO:root:
Task: turn on the stove and put the moka pot on it
INFO:root:Starting episode 16...
INFO:root:Success: False
INFO:root:# episodes completed so far: 36
INFO:root:# successes: 4 (11.1%)

 80%|â–ˆâ–ˆâ–ˆâ–ˆâ–ˆâ–ˆâ–ˆâ–ˆ  | 16/20 [03:44<00:56, 14.18s/it][AINFO:root:
Task: turn on the stove and put the moka pot on it
INFO:root:Starting episode 17...
INFO:root:Success: True
INFO:root:# episodes completed so far: 37
INFO:root:# successes: 5 (13.5%)

 85%|â–ˆâ–ˆâ–ˆâ–ˆâ–ˆâ–ˆâ–ˆâ–ˆâ–Œ | 17/20 [03:55<00:39, 13.13s/it][AINFO:root:
Task: turn on the stove and put the moka pot on it
INFO:root:Starting episode 18...
INFO:root:Success: False
INFO:root:# episodes completed so far: 38
INFO:root:# successes: 5 (13.2%)

 90%|â–ˆâ–ˆâ–ˆâ–ˆâ–ˆâ–ˆâ–ˆâ–ˆâ–ˆ | 18/20 [04:09<00:26, 13.49s/it][AINFO:root:
Task: turn on the stove and put the moka pot on it
INFO:root:Starting episode 19...
INFO:root:Success: False
INFO:root:# episodes completed so far: 39
INFO:root:# successes: 5 (12.8%)

 95%|â–ˆâ–ˆâ–ˆâ–ˆâ–ˆâ–ˆâ–ˆâ–ˆâ–ˆâ–Œ| 19/20 [04:23<00:13, 13.73s/it][AINFO:root:
Task: turn on the stove and put the moka pot on it
INFO:root:Starting episode 20...
INFO:root:Success: True
INFO:root:# episodes completed so far: 40
INFO:root:# successes: 6 (15.0%)

100%|â–ˆâ–ˆâ–ˆâ–ˆâ–ˆâ–ˆâ–ˆâ–ˆâ–ˆâ–ˆ| 20/20 [04:32<00:00, 12.12s/it][A100%|â–ˆâ–ˆâ–ˆâ–ˆâ–ˆâ–ˆâ–ˆâ–ˆâ–ˆâ–ˆ| 20/20 [04:32<00:00, 13.61s/it]
INFO:root:Current task success rate: 0.15
INFO:root:Current total success rate: 0.15
 30%|â–ˆâ–ˆâ–ˆ       | 3/10 [10:59<23:28, 201.23s/it]
  0%|          | 0/20 [00:00<?, ?it/s][AINFO:root:
Task: put the black bowl in the bottom drawer of the cabinet and close it
INFO:root:Starting episode 1...
INFO:root:Success: False
INFO:root:# episodes completed so far: 41
INFO:root:# successes: 6 (14.6%)

  5%|â–Œ         | 1/20 [00:15<04:46, 15.10s/it][AINFO:root:
Task: put the black bowl in the bottom drawer of the cabinet and close it
INFO:root:Starting episode 2...
INFO:root:Success: True
INFO:root:# episodes completed so far: 42
INFO:root:# successes: 7 (16.7%)

 10%|â–ˆ         | 2/20 [00:24<03:33, 11.86s/it][AINFO:root:
Task: put the black bowl in the bottom drawer of the cabinet and close it
INFO:root:Starting episode 3...
INFO:root:Success: False
INFO:root:# episodes completed so far: 43
INFO:root:# successes: 7 (16.3%)

 15%|â–ˆâ–Œ        | 3/20 [00:39<03:43, 13.15s/it][AINFO:root:
Task: put the black bowl in the bottom drawer of the cabinet and close it
INFO:root:Starting episode 4...
INFO:root:Success: False
INFO:root:# episodes completed so far: 44
INFO:root:# successes: 7 (15.9%)

 20%|â–ˆâ–ˆ        | 4/20 [00:55<03:48, 14.27s/it][AINFO:root:
Task: put the black bowl in the bottom drawer of the cabinet and close it
INFO:root:Starting episode 5...
INFO:root:Success: False
INFO:root:# episodes completed so far: 45
INFO:root:# successes: 7 (15.6%)

 25%|â–ˆâ–ˆâ–Œ       | 5/20 [01:10<03:39, 14.62s/it][AINFO:root:
Task: put the black bowl in the bottom drawer of the cabinet and close it
INFO:root:Starting episode 6...
INFO:root:Success: False
INFO:root:# episodes completed so far: 46
INFO:root:# successes: 7 (15.2%)

 30%|â–ˆâ–ˆâ–ˆ       | 6/20 [01:25<03:25, 14.69s/it][AINFO:root:
Task: put the black bowl in the bottom drawer of the cabinet and close it
INFO:root:Starting episode 7...
INFO:root:Success: False
INFO:root:# episodes completed so far: 47
INFO:root:# successes: 7 (14.9%)

 35%|â–ˆâ–ˆâ–ˆâ–Œ      | 7/20 [01:40<03:11, 14.69s/it][AINFO:root:
Task: put the black bowl in the bottom drawer of the cabinet and close it
INFO:root:Starting episode 8...
INFO:root:Success: True
INFO:root:# episodes completed so far: 48
INFO:root:# successes: 8 (16.7%)

 40%|â–ˆâ–ˆâ–ˆâ–ˆ      | 8/20 [01:48<02:31, 12.65s/it][AINFO:root:
Task: put the black bowl in the bottom drawer of the cabinet and close it
INFO:root:Starting episode 9...
INFO:root:Success: False
INFO:root:# episodes completed so far: 49
INFO:root:# successes: 8 (16.3%)

 45%|â–ˆâ–ˆâ–ˆâ–ˆâ–Œ     | 9/20 [02:03<02:28, 13.54s/it][AINFO:root:
Task: put the black bowl in the bottom drawer of the cabinet and close it
INFO:root:Starting episode 10...
INFO:root:Success: False
INFO:root:# episodes completed so far: 50
INFO:root:# successes: 8 (16.0%)

 50%|â–ˆâ–ˆâ–ˆâ–ˆâ–ˆ     | 10/20 [02:19<02:20, 14.04s/it][AINFO:root:
Task: put the black bowl in the bottom drawer of the cabinet and close it
INFO:root:Starting episode 11...
INFO:root:Success: False
INFO:root:# episodes completed so far: 51
INFO:root:# successes: 8 (15.7%)

 55%|â–ˆâ–ˆâ–ˆâ–ˆâ–ˆâ–Œ    | 11/20 [02:34<02:09, 14.37s/it][AINFO:root:
Task: put the black bowl in the bottom drawer of the cabinet and close it
INFO:root:Starting episode 12...
INFO:root:Success: True
INFO:root:# episodes completed so far: 52
INFO:root:# successes: 9 (17.3%)

 60%|â–ˆâ–ˆâ–ˆâ–ˆâ–ˆâ–ˆ    | 12/20 [02:43<01:41, 12.72s/it][AINFO:root:
Task: put the black bowl in the bottom drawer of the cabinet and close it
INFO:root:Starting episode 13...
INFO:root:Success: True
INFO:root:# episodes completed so far: 53
INFO:root:# successes: 10 (18.9%)

 65%|â–ˆâ–ˆâ–ˆâ–ˆâ–ˆâ–ˆâ–Œ   | 13/20 [02:54<01:26, 12.36s/it][AINFO:root:
Task: put the black bowl in the bottom drawer of the cabinet and close it
INFO:root:Starting episode 14...
INFO:root:Success: False
INFO:root:# episodes completed so far: 54
INFO:root:# successes: 10 (18.5%)

 70%|â–ˆâ–ˆâ–ˆâ–ˆâ–ˆâ–ˆâ–ˆ   | 14/20 [03:09<01:19, 13.26s/it][AINFO:root:
Task: put the black bowl in the bottom drawer of the cabinet and close it
INFO:root:Starting episode 15...
INFO:root:Success: False
INFO:root:# episodes completed so far: 55
INFO:root:# successes: 10 (18.2%)

 75%|â–ˆâ–ˆâ–ˆâ–ˆâ–ˆâ–ˆâ–ˆâ–Œ  | 15/20 [03:25<01:09, 13.88s/it][AINFO:root:
Task: put the black bowl in the bottom drawer of the cabinet and close it
INFO:root:Starting episode 16...
INFO:root:Success: True
INFO:root:# episodes completed so far: 56
INFO:root:# successes: 11 (19.6%)

 80%|â–ˆâ–ˆâ–ˆâ–ˆâ–ˆâ–ˆâ–ˆâ–ˆ  | 16/20 [03:34<00:50, 12.54s/it][AINFO:root:
Task: put the black bowl in the bottom drawer of the cabinet and close it
INFO:root:Starting episode 17...
INFO:root:Success: False
INFO:root:# episodes completed so far: 57
INFO:root:# successes: 11 (19.3%)

 85%|â–ˆâ–ˆâ–ˆâ–ˆâ–ˆâ–ˆâ–ˆâ–ˆâ–Œ | 17/20 [03:49<00:39, 13.29s/it][AINFO:root:
Task: put the black bowl in the bottom drawer of the cabinet and close it
INFO:root:Starting episode 18...
INFO:root:Success: True
INFO:root:# episodes completed so far: 58
INFO:root:# successes: 12 (20.7%)

 90%|â–ˆâ–ˆâ–ˆâ–ˆâ–ˆâ–ˆâ–ˆâ–ˆâ–ˆ | 18/20 [04:00<00:25, 12.67s/it][AINFO:root:
Task: put the black bowl in the bottom drawer of the cabinet and close it
INFO:root:Starting episode 19...
INFO:root:Success: False
INFO:root:# episodes completed so far: 59
INFO:root:# successes: 12 (20.3%)

 95%|â–ˆâ–ˆâ–ˆâ–ˆâ–ˆâ–ˆâ–ˆâ–ˆâ–ˆâ–Œ| 19/20 [04:16<00:13, 13.44s/it][AINFO:root:
Task: put the black bowl in the bottom drawer of the cabinet and close it
INFO:root:Starting episode 20...
INFO:root:Success: False
INFO:root:# episodes completed so far: 60
INFO:root:# successes: 12 (20.0%)

100%|â–ˆâ–ˆâ–ˆâ–ˆâ–ˆâ–ˆâ–ˆâ–ˆâ–ˆâ–ˆ| 20/20 [04:31<00:00, 13.97s/it][A100%|â–ˆâ–ˆâ–ˆâ–ˆâ–ˆâ–ˆâ–ˆâ–ˆâ–ˆâ–ˆ| 20/20 [04:31<00:00, 13.57s/it]
INFO:root:Current task success rate: 0.3
INFO:root:Current total success rate: 0.2
 40%|â–ˆâ–ˆâ–ˆâ–ˆ      | 4/10 [15:31<22:35, 225.89s/it]
  0%|          | 0/20 [00:00<?, ?it/s][AINFO:root:
Task: put the white mug on the left plate and put the yellow and white mug on the right plate
INFO:root:Starting episode 1...
INFO:root:Success: False
INFO:root:# episodes completed so far: 61
INFO:root:# successes: 12 (19.7%)

  5%|â–Œ         | 1/20 [00:16<05:08, 16.21s/it][AINFO:root:
Task: put the white mug on the left plate and put the yellow and white mug on the right plate
INFO:root:Starting episode 2...
INFO:root:Success: False
INFO:root:# episodes completed so far: 62
INFO:root:# successes: 12 (19.4%)

 10%|â–ˆ         | 2/20 [00:32<04:55, 16.42s/it][AINFO:root:
Task: put the white mug on the left plate and put the yellow and white mug on the right plate
INFO:root:Starting episode 3...
INFO:root:Success: False
INFO:root:# episodes completed so far: 63
INFO:root:# successes: 12 (19.0%)

 15%|â–ˆâ–Œ        | 3/20 [00:48<04:37, 16.30s/it][AINFO:root:
Task: put the white mug on the left plate and put the yellow and white mug on the right plate
INFO:root:Starting episode 4...
INFO:root:Success: False
INFO:root:# episodes completed so far: 64
INFO:root:# successes: 12 (18.8%)

 20%|â–ˆâ–ˆ        | 4/20 [01:05<04:21, 16.34s/it][AINFO:root:
Task: put the white mug on the left plate and put the yellow and white mug on the right plate
INFO:root:Starting episode 5...
INFO:root:Success: False
INFO:root:# episodes completed so far: 65
INFO:root:# successes: 12 (18.5%)

 25%|â–ˆâ–ˆâ–Œ       | 5/20 [01:21<04:05, 16.35s/it][AINFO:root:
Task: put the white mug on the left plate and put the yellow and white mug on the right plate
INFO:root:Starting episode 6...
INFO:root:Success: False
INFO:root:# episodes completed so far: 66
INFO:root:# successes: 12 (18.2%)

 30%|â–ˆâ–ˆâ–ˆ       | 6/20 [01:38<03:49, 16.42s/it][AINFO:root:
Task: put the white mug on the left plate and put the yellow and white mug on the right plate
INFO:root:Starting episode 7...
INFO:root:Success: False
INFO:root:# episodes completed so far: 67
INFO:root:# successes: 12 (17.9%)

 35%|â–ˆâ–ˆâ–ˆâ–Œ      | 7/20 [01:54<03:32, 16.31s/it][AINFO:root:
Task: put the white mug on the left plate and put the yellow and white mug on the right plate
INFO:root:Starting episode 8...
INFO:root:Success: False
INFO:root:# episodes completed so far: 68
INFO:root:# successes: 12 (17.6%)

 40%|â–ˆâ–ˆâ–ˆâ–ˆ      | 8/20 [02:10<03:15, 16.30s/it][AINFO:root:
Task: put the white mug on the left plate and put the yellow and white mug on the right plate
INFO:root:Starting episode 9...
INFO:root:Success: False
INFO:root:# episodes completed so far: 69
INFO:root:# successes: 12 (17.4%)

 45%|â–ˆâ–ˆâ–ˆâ–ˆâ–Œ     | 9/20 [02:27<03:00, 16.43s/it][AINFO:root:
Task: put the white mug on the left plate and put the yellow and white mug on the right plate
INFO:root:Starting episode 10...
INFO:root:Success: False
INFO:root:# episodes completed so far: 70
INFO:root:# successes: 12 (17.1%)

 50%|â–ˆâ–ˆâ–ˆâ–ˆâ–ˆ     | 10/20 [02:43<02:44, 16.42s/it][AINFO:root:
Task: put the white mug on the left plate and put the yellow and white mug on the right plate
INFO:root:Starting episode 11...
INFO:root:Success: False
INFO:root:# episodes completed so far: 71
INFO:root:# successes: 12 (16.9%)

 55%|â–ˆâ–ˆâ–ˆâ–ˆâ–ˆâ–Œ    | 11/20 [02:59<02:26, 16.31s/it][AINFO:root:
Task: put the white mug on the left plate and put the yellow and white mug on the right plate
INFO:root:Starting episode 12...
INFO:root:Success: False
INFO:root:# episodes completed so far: 72
INFO:root:# successes: 12 (16.7%)

 60%|â–ˆâ–ˆâ–ˆâ–ˆâ–ˆâ–ˆ    | 12/20 [03:16<02:10, 16.29s/it][AINFO:root:
Task: put the white mug on the left plate and put the yellow and white mug on the right plate
INFO:root:Starting episode 13...
INFO:root:Success: False
INFO:root:# episodes completed so far: 73
INFO:root:# successes: 12 (16.4%)

 65%|â–ˆâ–ˆâ–ˆâ–ˆâ–ˆâ–ˆâ–Œ   | 13/20 [03:32<01:54, 16.34s/it][AINFO:root:
Task: put the white mug on the left plate and put the yellow and white mug on the right plate
INFO:root:Starting episode 14...
INFO:root:Success: False
INFO:root:# episodes completed so far: 74
INFO:root:# successes: 12 (16.2%)

 70%|â–ˆâ–ˆâ–ˆâ–ˆâ–ˆâ–ˆâ–ˆ   | 14/20 [03:49<01:38, 16.40s/it][AINFO:root:
Task: put the white mug on the left plate and put the yellow and white mug on the right plate
INFO:root:Starting episode 15...
INFO:root:Success: True
INFO:root:# episodes completed so far: 75
INFO:root:# successes: 13 (17.3%)

 75%|â–ˆâ–ˆâ–ˆâ–ˆâ–ˆâ–ˆâ–ˆâ–Œ  | 15/20 [03:57<01:10, 14.03s/it][AINFO:root:
Task: put the white mug on the left plate and put the yellow and white mug on the right plate
INFO:root:Starting episode 16...
INFO:root:Success: False
INFO:root:# episodes completed so far: 76
INFO:root:# successes: 13 (17.1%)

 80%|â–ˆâ–ˆâ–ˆâ–ˆâ–ˆâ–ˆâ–ˆâ–ˆ  | 16/20 [04:13<00:58, 14.70s/it][AINFO:root:
Task: put the white mug on the left plate and put the yellow and white mug on the right plate
INFO:root:Starting episode 17...
INFO:root:Success: False
INFO:root:# episodes completed so far: 77
INFO:root:# successes: 13 (16.9%)

 85%|â–ˆâ–ˆâ–ˆâ–ˆâ–ˆâ–ˆâ–ˆâ–ˆâ–Œ | 17/20 [04:30<00:45, 15.19s/it][AINFO:root:
Task: put the white mug on the left plate and put the yellow and white mug on the right plate
INFO:root:Starting episode 18...
INFO:root:Success: False
INFO:root:# episodes completed so far: 78
INFO:root:# successes: 13 (16.7%)

 90%|â–ˆâ–ˆâ–ˆâ–ˆâ–ˆâ–ˆâ–ˆâ–ˆâ–ˆ | 18/20 [04:46<00:31, 15.64s/it][AINFO:root:
Task: put the white mug on the left plate and put the yellow and white mug on the right plate
INFO:root:Starting episode 19...
INFO:root:Success: False
INFO:root:# episodes completed so far: 79
INFO:root:# successes: 13 (16.5%)

 95%|â–ˆâ–ˆâ–ˆâ–ˆâ–ˆâ–ˆâ–ˆâ–ˆâ–ˆâ–Œ| 19/20 [05:03<00:15, 15.85s/it][AINFO:root:
Task: put the white mug on the left plate and put the yellow and white mug on the right plate
INFO:root:Starting episode 20...
INFO:root:Success: False
INFO:root:# episodes completed so far: 80
INFO:root:# successes: 13 (16.2%)

100%|â–ˆâ–ˆâ–ˆâ–ˆâ–ˆâ–ˆâ–ˆâ–ˆâ–ˆâ–ˆ| 20/20 [05:19<00:00, 16.10s/it][A100%|â–ˆâ–ˆâ–ˆâ–ˆâ–ˆâ–ˆâ–ˆâ–ˆâ–ˆâ–ˆ| 20/20 [05:19<00:00, 15.99s/it]
INFO:root:Current task success rate: 0.05
INFO:root:Current total success rate: 0.1625
 50%|â–ˆâ–ˆâ–ˆâ–ˆâ–ˆ     | 5/10 [20:54<21:28, 257.78s/it]
  0%|          | 0/20 [00:00<?, ?it/s][AINFO:root:
Task: pick up the book and place it in the back compartment of the caddy
INFO:root:Starting episode 1...
INFO:root:Success: False
INFO:root:# episodes completed so far: 81
INFO:root:# successes: 13 (16.0%)

  5%|â–Œ         | 1/20 [00:14<04:31, 14.28s/it][AINFO:root:
Task: pick up the book and place it in the back compartment of the caddy
INFO:root:Starting episode 2...
INFO:root:Success: False
INFO:root:# episodes completed so far: 82
INFO:root:# successes: 13 (15.9%)

 10%|â–ˆ         | 2/20 [00:28<04:14, 14.16s/it][AINFO:root:
Task: pick up the book and place it in the back compartment of the caddy
INFO:root:Starting episode 3...
INFO:root:Success: False
INFO:root:# episodes completed so far: 83
INFO:root:# successes: 13 (15.7%)

 15%|â–ˆâ–Œ        | 3/20 [00:42<04:00, 14.17s/it][AINFO:root:
Task: pick up the book and place it in the back compartment of the caddy
INFO:root:Starting episode 4...
INFO:root:Success: False
INFO:root:# episodes completed so far: 84
INFO:root:# successes: 13 (15.5%)

 20%|â–ˆâ–ˆ        | 4/20 [00:57<03:48, 14.31s/it][AINFO:root:
Task: pick up the book and place it in the back compartment of the caddy
INFO:root:Starting episode 5...
INFO:root:Success: False
INFO:root:# episodes completed so far: 85
INFO:root:# successes: 13 (15.3%)

 25%|â–ˆâ–ˆâ–Œ       | 5/20 [01:11<03:35, 14.38s/it][AINFO:root:
Task: pick up the book and place it in the back compartment of the caddy
INFO:root:Starting episode 6...
INFO:root:Success: True
INFO:root:# episodes completed so far: 86
INFO:root:# successes: 14 (16.3%)

 30%|â–ˆâ–ˆâ–ˆ       | 6/20 [01:18<02:46, 11.86s/it][AINFO:root:
Task: pick up the book and place it in the back compartment of the caddy
INFO:root:Starting episode 7...
INFO:root:Success: False
INFO:root:# episodes completed so far: 87
INFO:root:# successes: 14 (16.1%)

 35%|â–ˆâ–ˆâ–ˆâ–Œ      | 7/20 [01:32<02:44, 12.63s/it][AINFO:root:
Task: pick up the book and place it in the back compartment of the caddy
INFO:root:Starting episode 8...
INFO:root:Success: True
INFO:root:# episodes completed so far: 88
INFO:root:# successes: 15 (17.0%)

 40%|â–ˆâ–ˆâ–ˆâ–ˆ      | 8/20 [01:39<02:09, 10.77s/it][AINFO:root:
Task: pick up the book and place it in the back compartment of the caddy
INFO:root:Starting episode 9...
INFO:root:Success: False
INFO:root:# episodes completed so far: 89
INFO:root:# successes: 15 (16.9%)

 45%|â–ˆâ–ˆâ–ˆâ–ˆâ–Œ     | 9/20 [01:54<02:11, 11.97s/it][AINFO:root:
Task: pick up the book and place it in the back compartment of the caddy
INFO:root:Starting episode 10...
INFO:root:Success: False
INFO:root:# episodes completed so far: 90
INFO:root:# successes: 15 (16.7%)

 50%|â–ˆâ–ˆâ–ˆâ–ˆâ–ˆ     | 10/20 [02:08<02:07, 12.74s/it][AINFO:root:
Task: pick up the book and place it in the back compartment of the caddy
INFO:root:Starting episode 11...
INFO:root:Success: False
INFO:root:# episodes completed so far: 91
INFO:root:# successes: 15 (16.5%)

 55%|â–ˆâ–ˆâ–ˆâ–ˆâ–ˆâ–Œ    | 11/20 [02:22<01:58, 13.22s/it][AINFO:root:
Task: pick up the book and place it in the back compartment of the caddy
INFO:root:Starting episode 12...
INFO:root:Success: False
INFO:root:# episodes completed so far: 92
INFO:root:# successes: 15 (16.3%)

 60%|â–ˆâ–ˆâ–ˆâ–ˆâ–ˆâ–ˆ    | 12/20 [02:37<01:49, 13.63s/it][AINFO:root:
Task: pick up the book and place it in the back compartment of the caddy
INFO:root:Starting episode 13...
INFO:root:Success: False
INFO:root:# episodes completed so far: 93
INFO:root:# successes: 15 (16.1%)

 65%|â–ˆâ–ˆâ–ˆâ–ˆâ–ˆâ–ˆâ–Œ   | 13/20 [02:51<01:36, 13.79s/it][AINFO:root:
Task: pick up the book and place it in the back compartment of the caddy
INFO:root:Starting episode 14...
INFO:root:Success: False
INFO:root:# episodes completed so far: 94
INFO:root:# successes: 15 (16.0%)

 70%|â–ˆâ–ˆâ–ˆâ–ˆâ–ˆâ–ˆâ–ˆ   | 14/20 [03:05<01:23, 13.89s/it][AINFO:root:
Task: pick up the book and place it in the back compartment of the caddy
INFO:root:Starting episode 15...
INFO:root:Success: False
INFO:root:# episodes completed so far: 95
INFO:root:# successes: 15 (15.8%)

 75%|â–ˆâ–ˆâ–ˆâ–ˆâ–ˆâ–ˆâ–ˆâ–Œ  | 15/20 [03:19<01:09, 13.98s/it][AINFO:root:
Task: pick up the book and place it in the back compartment of the caddy
INFO:root:Starting episode 16...
INFO:root:Success: False
INFO:root:# episodes completed so far: 96
INFO:root:# successes: 15 (15.6%)

 80%|â–ˆâ–ˆâ–ˆâ–ˆâ–ˆâ–ˆâ–ˆâ–ˆ  | 16/20 [03:34<00:56, 14.07s/it][AINFO:root:
Task: pick up the book and place it in the back compartment of the caddy
INFO:root:Starting episode 17...
INFO:root:Success: True
INFO:root:# episodes completed so far: 97
INFO:root:# successes: 16 (16.5%)

 85%|â–ˆâ–ˆâ–ˆâ–ˆâ–ˆâ–ˆâ–ˆâ–ˆâ–Œ | 17/20 [03:41<00:35, 11.89s/it][AINFO:root:
Task: pick up the book and place it in the back compartment of the caddy
INFO:root:Starting episode 18...
INFO:root:Success: False
INFO:root:# episodes completed so far: 98
INFO:root:# successes: 16 (16.3%)

 90%|â–ˆâ–ˆâ–ˆâ–ˆâ–ˆâ–ˆâ–ˆâ–ˆâ–ˆ | 18/20 [03:55<00:25, 12.68s/it][AINFO:root:
Task: pick up the book and place it in the back compartment of the caddy
INFO:root:Starting episode 19...
INFO:root:Success: True
INFO:root:# episodes completed so far: 99
INFO:root:# successes: 17 (17.2%)

 95%|â–ˆâ–ˆâ–ˆâ–ˆâ–ˆâ–ˆâ–ˆâ–ˆâ–ˆâ–Œ| 19/20 [04:01<00:10, 10.74s/it][AINFO:root:
Task: pick up the book and place it in the back compartment of the caddy
INFO:root:Starting episode 20...
INFO:root:Success: False
INFO:root:# episodes completed so far: 100
INFO:root:# successes: 17 (17.0%)

100%|â–ˆâ–ˆâ–ˆâ–ˆâ–ˆâ–ˆâ–ˆâ–ˆâ–ˆâ–ˆ| 20/20 [04:16<00:00, 11.81s/it][A100%|â–ˆâ–ˆâ–ˆâ–ˆâ–ˆâ–ˆâ–ˆâ–ˆâ–ˆâ–ˆ| 20/20 [04:16<00:00, 12.81s/it]
INFO:root:Current task success rate: 0.2
INFO:root:Current total success rate: 0.17
 60%|â–ˆâ–ˆâ–ˆâ–ˆâ–ˆâ–ˆ    | 6/10 [25:11<17:10, 257.64s/it]
  0%|          | 0/20 [00:00<?, ?it/s][AINFO:root:
Task: put the white mug on the plate and put the chocolate pudding to the right of the plate
INFO:root:Starting episode 1...
INFO:root:Success: False
INFO:root:# episodes completed so far: 101
INFO:root:# successes: 17 (16.8%)

  5%|â–Œ         | 1/20 [00:15<04:51, 15.32s/it][AINFO:root:
Task: put the white mug on the plate and put the chocolate pudding to the right of the plate
INFO:root:Starting episode 2...
INFO:root:Success: False
INFO:root:# episodes completed so far: 102
INFO:root:# successes: 17 (16.7%)

 10%|â–ˆ         | 2/20 [00:30<04:35, 15.32s/it][AINFO:root:
Task: put the white mug on the plate and put the chocolate pudding to the right of the plate
INFO:root:Starting episode 3...
INFO:root:Success: False
INFO:root:# episodes completed so far: 103
INFO:root:# successes: 17 (16.5%)

 15%|â–ˆâ–Œ        | 3/20 [00:45<04:16, 15.10s/it][AINFO:root:
Task: put the white mug on the plate and put the chocolate pudding to the right of the plate
INFO:root:Starting episode 4...
INFO:root:Success: False
INFO:root:# episodes completed so far: 104
INFO:root:# successes: 17 (16.3%)

 20%|â–ˆâ–ˆ        | 4/20 [01:00<04:04, 15.26s/it][AINFO:root:
Task: put the white mug on the plate and put the chocolate pudding to the right of the plate
INFO:root:Starting episode 5...
INFO:root:Success: False
INFO:root:# episodes completed so far: 105
INFO:root:# successes: 17 (16.2%)

 25%|â–ˆâ–ˆâ–Œ       | 5/20 [01:17<03:53, 15.57s/it][AINFO:root:
Task: put the white mug on the plate and put the chocolate pudding to the right of the plate
INFO:root:Starting episode 6...
INFO:root:Success: False
INFO:root:# episodes completed so far: 106
INFO:root:# successes: 17 (16.0%)

 30%|â–ˆâ–ˆâ–ˆ       | 6/20 [01:32<03:35, 15.39s/it][AINFO:root:
Task: put the white mug on the plate and put the chocolate pudding to the right of the plate
INFO:root:Starting episode 7...
INFO:root:Success: True
INFO:root:# episodes completed so far: 107
INFO:root:# successes: 18 (16.8%)

 35%|â–ˆâ–ˆâ–ˆâ–Œ      | 7/20 [01:44<03:06, 14.31s/it][AINFO:root:
Task: put the white mug on the plate and put the chocolate pudding to the right of the plate
INFO:root:Starting episode 8...
INFO:root:Success: False
INFO:root:# episodes completed so far: 108
INFO:root:# successes: 18 (16.7%)

 40%|â–ˆâ–ˆâ–ˆâ–ˆ      | 8/20 [01:59<02:55, 14.64s/it][AINFO:root:
Task: put the white mug on the plate and put the chocolate pudding to the right of the plate
INFO:root:Starting episode 9...
INFO:root:Success: False
INFO:root:# episodes completed so far: 109
INFO:root:# successes: 18 (16.5%)

 45%|â–ˆâ–ˆâ–ˆâ–ˆâ–Œ     | 9/20 [02:14<02:43, 14.86s/it][AINFO:root:
Task: put the white mug on the plate and put the chocolate pudding to the right of the plate
INFO:root:Starting episode 10...
INFO:root:Success: False
INFO:root:# episodes completed so far: 110
INFO:root:# successes: 18 (16.4%)

 50%|â–ˆâ–ˆâ–ˆâ–ˆâ–ˆ     | 10/20 [02:30<02:29, 14.96s/it][AINFO:root:
Task: put the white mug on the plate and put the chocolate pudding to the right of the plate
INFO:root:Starting episode 11...
INFO:root:Success: False
INFO:root:# episodes completed so far: 111
INFO:root:# successes: 18 (16.2%)

 55%|â–ˆâ–ˆâ–ˆâ–ˆâ–ˆâ–Œ    | 11/20 [02:45<02:16, 15.18s/it][AINFO:root:
Task: put the white mug on the plate and put the chocolate pudding to the right of the plate
INFO:root:Starting episode 12...
INFO:root:Success: False
INFO:root:# episodes completed so far: 112
INFO:root:# successes: 18 (16.1%)

 60%|â–ˆâ–ˆâ–ˆâ–ˆâ–ˆâ–ˆ    | 12/20 [03:00<02:01, 15.15s/it][AINFO:root:
Task: put the white mug on the plate and put the chocolate pudding to the right of the plate
INFO:root:Starting episode 13...
INFO:root:Success: True
INFO:root:# episodes completed so far: 113
INFO:root:# successes: 19 (16.8%)

 65%|â–ˆâ–ˆâ–ˆâ–ˆâ–ˆâ–ˆâ–Œ   | 13/20 [03:09<01:33, 13.32s/it][AINFO:root:
Task: put the white mug on the plate and put the chocolate pudding to the right of the plate
INFO:root:Starting episode 14...
INFO:root:Success: False
INFO:root:# episodes completed so far: 114
INFO:root:# successes: 19 (16.7%)

 70%|â–ˆâ–ˆâ–ˆâ–ˆâ–ˆâ–ˆâ–ˆ   | 14/20 [03:25<01:24, 14.04s/it][AINFO:root:
Task: put the white mug on the plate and put the chocolate pudding to the right of the plate
INFO:root:Starting episode 15...
INFO:root:Success: False
INFO:root:# episodes completed so far: 115
INFO:root:# successes: 19 (16.5%)

 75%|â–ˆâ–ˆâ–ˆâ–ˆâ–ˆâ–ˆâ–ˆâ–Œ  | 15/20 [03:41<01:12, 14.55s/it][AINFO:root:
Task: put the white mug on the plate and put the chocolate pudding to the right of the plate
INFO:root:Starting episode 16...
INFO:root:Success: False
INFO:root:# episodes completed so far: 116
INFO:root:# successes: 19 (16.4%)

 80%|â–ˆâ–ˆâ–ˆâ–ˆâ–ˆâ–ˆâ–ˆâ–ˆ  | 16/20 [03:56<00:58, 14.70s/it][AINFO:root:
Task: put the white mug on the plate and put the chocolate pudding to the right of the plate
INFO:root:Starting episode 17...
INFO:root:Success: False
INFO:root:# episodes completed so far: 117
INFO:root:# successes: 19 (16.2%)

 85%|â–ˆâ–ˆâ–ˆâ–ˆâ–ˆâ–ˆâ–ˆâ–ˆâ–Œ | 17/20 [04:11<00:44, 14.82s/it][AINFO:root:
Task: put the white mug on the plate and put the chocolate pudding to the right of the plate
INFO:root:Starting episode 18...
INFO:root:Success: True
INFO:root:# episodes completed so far: 118
INFO:root:# successes: 20 (16.9%)

 90%|â–ˆâ–ˆâ–ˆâ–ˆâ–ˆâ–ˆâ–ˆâ–ˆâ–ˆ | 18/20 [04:24<00:28, 14.38s/it][AINFO:root:
Task: put the white mug on the plate and put the chocolate pudding to the right of the plate
INFO:root:Starting episode 19...
INFO:root:Success: False
INFO:root:# episodes completed so far: 119
INFO:root:# successes: 20 (16.8%)

 95%|â–ˆâ–ˆâ–ˆâ–ˆâ–ˆâ–ˆâ–ˆâ–ˆâ–ˆâ–Œ| 19/20 [04:40<00:14, 14.68s/it][AINFO:root:
Task: put the white mug on the plate and put the chocolate pudding to the right of the plate
INFO:root:Starting episode 20...
INFO:root:Success: False
INFO:root:# episodes completed so far: 120
INFO:root:# successes: 20 (16.7%)

100%|â–ˆâ–ˆâ–ˆâ–ˆâ–ˆâ–ˆâ–ˆâ–ˆâ–ˆâ–ˆ| 20/20 [04:55<00:00, 14.97s/it][A100%|â–ˆâ–ˆâ–ˆâ–ˆâ–ˆâ–ˆâ–ˆâ–ˆâ–ˆâ–ˆ| 20/20 [04:55<00:00, 14.80s/it]
INFO:root:Current task success rate: 0.15
INFO:root:Current total success rate: 0.16666666666666666
 70%|â–ˆâ–ˆâ–ˆâ–ˆâ–ˆâ–ˆâ–ˆ   | 7/10 [30:08<13:29, 269.97s/it]
  0%|          | 0/20 [00:00<?, ?it/s][AINFO:root:
Task: put both the alphabet soup and the cream cheese box in the basket
INFO:root:Starting episode 1...
INFO:root:Success: False
INFO:root:# episodes completed so far: 121
INFO:root:# successes: 20 (16.5%)

  5%|â–Œ         | 1/20 [00:15<04:48, 15.20s/it][AINFO:root:
Task: put both the alphabet soup and the cream cheese box in the basket
INFO:root:Starting episode 2...
INFO:root:Success: False
INFO:root:# episodes completed so far: 122
INFO:root:# successes: 20 (16.4%)

 10%|â–ˆ         | 2/20 [00:30<04:32, 15.13s/it][AINFO:root:
Task: put both the alphabet soup and the cream cheese box in the basket
INFO:root:Starting episode 3...
INFO:root:Success: False
INFO:root:# episodes completed so far: 123
INFO:root:# successes: 20 (16.3%)

 15%|â–ˆâ–Œ        | 3/20 [00:45<04:16, 15.11s/it][AINFO:root:
Task: put both the alphabet soup and the cream cheese box in the basket
INFO:root:Starting episode 4...
INFO:root:Success: False
INFO:root:# episodes completed so far: 124
INFO:root:# successes: 20 (16.1%)

 20%|â–ˆâ–ˆ        | 4/20 [01:00<04:03, 15.23s/it][AINFO:root:
Task: put both the alphabet soup and the cream cheese box in the basket
INFO:root:Starting episode 5...
INFO:root:Success: False
INFO:root:# episodes completed so far: 125
INFO:root:# successes: 20 (16.0%)

 25%|â–ˆâ–ˆâ–Œ       | 5/20 [01:15<03:47, 15.13s/it][AINFO:root:
Task: put both the alphabet soup and the cream cheese box in the basket
INFO:root:Starting episode 6...
INFO:root:Success: False
INFO:root:# episodes completed so far: 126
INFO:root:# successes: 20 (15.9%)

 30%|â–ˆâ–ˆâ–ˆ       | 6/20 [01:30<03:31, 15.08s/it][AINFO:root:
Task: put both the alphabet soup and the cream cheese box in the basket
INFO:root:Starting episode 7...
INFO:root:Success: False
INFO:root:# episodes completed so far: 127
INFO:root:# successes: 20 (15.7%)

 35%|â–ˆâ–ˆâ–ˆâ–Œ      | 7/20 [01:45<03:15, 15.00s/it][AINFO:root:
Task: put both the alphabet soup and the cream cheese box in the basket
INFO:root:Starting episode 8...
INFO:root:Success: False
INFO:root:# episodes completed so far: 128
INFO:root:# successes: 20 (15.6%)

 40%|â–ˆâ–ˆâ–ˆâ–ˆ      | 8/20 [02:00<03:00, 15.00s/it][AINFO:root:
Task: put both the alphabet soup and the cream cheese box in the basket
INFO:root:Starting episode 9...
INFO:root:Success: False
INFO:root:# episodes completed so far: 129
INFO:root:# successes: 20 (15.5%)

 45%|â–ˆâ–ˆâ–ˆâ–ˆâ–Œ     | 9/20 [02:15<02:44, 14.97s/it][AINFO:root:
Task: put both the alphabet soup and the cream cheese box in the basket
INFO:root:Starting episode 10...
INFO:root:Success: False
INFO:root:# episodes completed so far: 130
INFO:root:# successes: 20 (15.4%)

 50%|â–ˆâ–ˆâ–ˆâ–ˆâ–ˆ     | 10/20 [02:30<02:30, 15.02s/it][AINFO:root:
Task: put both the alphabet soup and the cream cheese box in the basket
INFO:root:Starting episode 11...
INFO:root:Success: False
INFO:root:# episodes completed so far: 131
INFO:root:# successes: 20 (15.3%)

 55%|â–ˆâ–ˆâ–ˆâ–ˆâ–ˆâ–Œ    | 11/20 [02:45<02:14, 14.94s/it][AINFO:root:
Task: put both the alphabet soup and the cream cheese box in the basket
INFO:root:Starting episode 12...
INFO:root:Success: False
INFO:root:# episodes completed so far: 132
INFO:root:# successes: 20 (15.2%)

 60%|â–ˆâ–ˆâ–ˆâ–ˆâ–ˆâ–ˆ    | 12/20 [03:00<02:00, 15.01s/it][AINFO:root:
Task: put both the alphabet soup and the cream cheese box in the basket
INFO:root:Starting episode 13...
INFO:root:Success: False
INFO:root:# episodes completed so far: 133
INFO:root:# successes: 20 (15.0%)

 65%|â–ˆâ–ˆâ–ˆâ–ˆâ–ˆâ–ˆâ–Œ   | 13/20 [03:15<01:45, 15.01s/it][AINFO:root:
Task: put both the alphabet soup and the cream cheese box in the basket
INFO:root:Starting episode 14...
INFO:root:Success: False
INFO:root:# episodes completed so far: 134
INFO:root:# successes: 20 (14.9%)

 70%|â–ˆâ–ˆâ–ˆâ–ˆâ–ˆâ–ˆâ–ˆ   | 14/20 [03:30<01:30, 15.04s/it][AINFO:root:
Task: put both the alphabet soup and the cream cheese box in the basket
INFO:root:Starting episode 15...
INFO:root:Success: False
INFO:root:# episodes completed so far: 135
INFO:root:# successes: 20 (14.8%)

 75%|â–ˆâ–ˆâ–ˆâ–ˆâ–ˆâ–ˆâ–ˆâ–Œ  | 15/20 [03:45<01:15, 15.03s/it][AINFO:root:
Task: put both the alphabet soup and the cream cheese box in the basket
INFO:root:Starting episode 16...
INFO:root:Success: False
INFO:root:# episodes completed so far: 136
INFO:root:# successes: 20 (14.7%)

 80%|â–ˆâ–ˆâ–ˆâ–ˆâ–ˆâ–ˆâ–ˆâ–ˆ  | 16/20 [04:00<01:00, 15.04s/it][AINFO:root:
Task: put both the alphabet soup and the cream cheese box in the basket
INFO:root:Starting episode 17...
INFO:root:Success: False
INFO:root:# episodes completed so far: 137
INFO:root:# successes: 20 (14.6%)

 85%|â–ˆâ–ˆâ–ˆâ–ˆâ–ˆâ–ˆâ–ˆâ–ˆâ–Œ | 17/20 [04:15<00:45, 15.08s/it][AINFO:root:
Task: put both the alphabet soup and the cream cheese box in the basket
INFO:root:Starting episode 18...
INFO:root:Success: False
INFO:root:# episodes completed so far: 138
INFO:root:# successes: 20 (14.5%)

 90%|â–ˆâ–ˆâ–ˆâ–ˆâ–ˆâ–ˆâ–ˆâ–ˆâ–ˆ | 18/20 [04:31<00:30, 15.10s/it][AINFO:root:
Task: put both the alphabet soup and the cream cheese box in the basket
INFO:root:Starting episode 19...
INFO:root:Success: False
INFO:root:# episodes completed so far: 139
INFO:root:# successes: 20 (14.4%)

 95%|â–ˆâ–ˆâ–ˆâ–ˆâ–ˆâ–ˆâ–ˆâ–ˆâ–ˆâ–Œ| 19/20 [04:45<00:15, 15.04s/it][AINFO:root:
Task: put both the alphabet soup and the cream cheese box in the basket
INFO:root:Starting episode 20...
INFO:root:Success: False
INFO:root:# episodes completed so far: 140
INFO:root:# successes: 20 (14.3%)

100%|â–ˆâ–ˆâ–ˆâ–ˆâ–ˆâ–ˆâ–ˆâ–ˆâ–ˆâ–ˆ| 20/20 [05:00<00:00, 15.04s/it][A100%|â–ˆâ–ˆâ–ˆâ–ˆâ–ˆâ–ˆâ–ˆâ–ˆâ–ˆâ–ˆ| 20/20 [05:00<00:00, 15.05s/it]
INFO:root:Current task success rate: 0.0
INFO:root:Current total success rate: 0.14285714285714285
 80%|â–ˆâ–ˆâ–ˆâ–ˆâ–ˆâ–ˆâ–ˆâ–ˆ  | 8/10 [35:10<09:19, 279.83s/it]
  0%|          | 0/20 [00:00<?, ?it/s][AINFO:root:
Task: put both moka pots on the stove
INFO:root:Starting episode 1...
INFO:root:Success: False
INFO:root:# episodes completed so far: 141
INFO:root:# successes: 20 (14.2%)

  5%|â–Œ         | 1/20 [00:14<04:43, 14.90s/it][AINFO:root:
Task: put both moka pots on the stove
INFO:root:Starting episode 2...
INFO:root:Success: False
INFO:root:# episodes completed so far: 142
INFO:root:# successes: 20 (14.1%)

 10%|â–ˆ         | 2/20 [00:29<04:28, 14.92s/it][AINFO:root:
Task: put both moka pots on the stove
INFO:root:Starting episode 3...
INFO:root:Success: False
INFO:root:# episodes completed so far: 143
INFO:root:# successes: 20 (14.0%)

 15%|â–ˆâ–Œ        | 3/20 [00:44<04:12, 14.87s/it][AINFO:root:
Task: put both moka pots on the stove
INFO:root:Starting episode 4...
INFO:root:Success: False
INFO:root:# episodes completed so far: 144
INFO:root:# successes: 20 (13.9%)

 20%|â–ˆâ–ˆ        | 4/20 [00:59<03:58, 14.89s/it][AINFO:root:
Task: put both moka pots on the stove
INFO:root:Starting episode 5...
INFO:root:Success: False
INFO:root:# episodes completed so far: 145
INFO:root:# successes: 20 (13.8%)

 25%|â–ˆâ–ˆâ–Œ       | 5/20 [01:14<03:42, 14.86s/it][AINFO:root:
Task: put both moka pots on the stove
INFO:root:Starting episode 6...
INFO:root:Success: False
INFO:root:# episodes completed so far: 146
INFO:root:# successes: 20 (13.7%)

 30%|â–ˆâ–ˆâ–ˆ       | 6/20 [01:29<03:27, 14.84s/it][AINFO:root:
Task: put both moka pots on the stove
INFO:root:Starting episode 7...
INFO:root:Success: False
INFO:root:# episodes completed so far: 147
INFO:root:# successes: 20 (13.6%)

 35%|â–ˆâ–ˆâ–ˆâ–Œ      | 7/20 [01:44<03:12, 14.84s/it][AINFO:root:
Task: put both moka pots on the stove
INFO:root:Starting episode 8...
INFO:root:Success: False
INFO:root:# episodes completed so far: 148
INFO:root:# successes: 20 (13.5%)

 40%|â–ˆâ–ˆâ–ˆâ–ˆ      | 8/20 [01:58<02:57, 14.81s/it][AINFO:root:
Task: put both moka pots on the stove
INFO:root:Starting episode 9...
INFO:root:Success: False
INFO:root:# episodes completed so far: 149
INFO:root:# successes: 20 (13.4%)

 45%|â–ˆâ–ˆâ–ˆâ–ˆâ–Œ     | 9/20 [02:13<02:43, 14.84s/it][AINFO:root:
Task: put both moka pots on the stove
INFO:root:Starting episode 10...
INFO:root:Success: False
INFO:root:# episodes completed so far: 150
INFO:root:# successes: 20 (13.3%)

 50%|â–ˆâ–ˆâ–ˆâ–ˆâ–ˆ     | 10/20 [02:28<02:27, 14.77s/it][AINFO:root:
Task: put both moka pots on the stove
INFO:root:Starting episode 11...
INFO:root:Success: False
INFO:root:# episodes completed so far: 151
INFO:root:# successes: 20 (13.2%)

 55%|â–ˆâ–ˆâ–ˆâ–ˆâ–ˆâ–Œ    | 11/20 [02:43<02:13, 14.80s/it][AINFO:root:
Task: put both moka pots on the stove
INFO:root:Starting episode 12...
INFO:root:Success: False
INFO:root:# episodes completed so far: 152
INFO:root:# successes: 20 (13.2%)

 60%|â–ˆâ–ˆâ–ˆâ–ˆâ–ˆâ–ˆ    | 12/20 [02:57<01:58, 14.81s/it][AINFO:root:
Task: put both moka pots on the stove
INFO:root:Starting episode 13...
INFO:root:Success: False
INFO:root:# episodes completed so far: 153
INFO:root:# successes: 20 (13.1%)

 65%|â–ˆâ–ˆâ–ˆâ–ˆâ–ˆâ–ˆâ–Œ   | 13/20 [03:13<01:44, 14.90s/it][AINFO:root:
Task: put both moka pots on the stove
INFO:root:Starting episode 14...
INFO:root:Success: False
INFO:root:# episodes completed so far: 154
INFO:root:# successes: 20 (13.0%)

 70%|â–ˆâ–ˆâ–ˆâ–ˆâ–ˆâ–ˆâ–ˆ   | 14/20 [03:27<01:29, 14.90s/it][AINFO:root:
Task: put both moka pots on the stove
INFO:root:Starting episode 15...
INFO:root:Success: False
INFO:root:# episodes completed so far: 155
INFO:root:# successes: 20 (12.9%)

 75%|â–ˆâ–ˆâ–ˆâ–ˆâ–ˆâ–ˆâ–ˆâ–Œ  | 15/20 [03:42<01:14, 14.87s/it][AINFO:root:
Task: put both moka pots on the stove
INFO:root:Starting episode 16...
INFO:root:Success: False
INFO:root:# episodes completed so far: 156
INFO:root:# successes: 20 (12.8%)

 80%|â–ˆâ–ˆâ–ˆâ–ˆâ–ˆâ–ˆâ–ˆâ–ˆ  | 16/20 [03:57<00:59, 14.86s/it][AINFO:root:
Task: put both moka pots on the stove
INFO:root:Starting episode 17...
INFO:root:Success: False
INFO:root:# episodes completed so far: 157
INFO:root:# successes: 20 (12.7%)

 85%|â–ˆâ–ˆâ–ˆâ–ˆâ–ˆâ–ˆâ–ˆâ–ˆâ–Œ | 17/20 [04:12<00:44, 14.83s/it][AINFO:root:
Task: put both moka pots on the stove
INFO:root:Starting episode 18...
INFO:root:Success: False
INFO:root:# episodes completed so far: 158
INFO:root:# successes: 20 (12.7%)

 90%|â–ˆâ–ˆâ–ˆâ–ˆâ–ˆâ–ˆâ–ˆâ–ˆâ–ˆ | 18/20 [04:27<00:29, 14.83s/it][AINFO:root:
Task: put both moka pots on the stove
INFO:root:Starting episode 19...
INFO:root:Success: False
INFO:root:# episodes completed so far: 159
INFO:root:# successes: 20 (12.6%)

 95%|â–ˆâ–ˆâ–ˆâ–ˆâ–ˆâ–ˆâ–ˆâ–ˆâ–ˆâ–Œ| 19/20 [04:42<00:14, 14.86s/it][AINFO:root:
Task: put both moka pots on the stove
INFO:root:Starting episode 20...
INFO:root:Success: False
INFO:root:# episodes completed so far: 160
INFO:root:# successes: 20 (12.5%)

100%|â–ˆâ–ˆâ–ˆâ–ˆâ–ˆâ–ˆâ–ˆâ–ˆâ–ˆâ–ˆ| 20/20 [04:56<00:00, 14.81s/it][A100%|â–ˆâ–ˆâ–ˆâ–ˆâ–ˆâ–ˆâ–ˆâ–ˆâ–ˆâ–ˆ| 20/20 [04:56<00:00, 14.84s/it]
INFO:root:Current task success rate: 0.0
INFO:root:Current total success rate: 0.125
 90%|â–ˆâ–ˆâ–ˆâ–ˆâ–ˆâ–ˆâ–ˆâ–ˆâ–ˆ | 9/10 [40:07<04:45, 285.20s/it]
  0%|          | 0/20 [00:00<?, ?it/s][AINFO:root:
Task: put the yellow and white mug in the microwave and close it
INFO:root:Starting episode 1...
INFO:root:Success: False
INFO:root:# episodes completed so far: 161
INFO:root:# successes: 20 (12.4%)

  5%|â–Œ         | 1/20 [00:14<04:42, 14.84s/it][AINFO:root:
Task: put the yellow and white mug in the microwave and close it
INFO:root:Starting episode 2...
INFO:root:Success: False
INFO:root:# episodes completed so far: 162
INFO:root:# successes: 20 (12.3%)

 10%|â–ˆ         | 2/20 [00:29<04:28, 14.90s/it][AINFO:root:
Task: put the yellow and white mug in the microwave and close it
INFO:root:Starting episode 3...
INFO:root:Success: False
INFO:root:# episodes completed so far: 163
INFO:root:# successes: 20 (12.3%)

 15%|â–ˆâ–Œ        | 3/20 [00:44<04:14, 14.95s/it][AINFO:root:
Task: put the yellow and white mug in the microwave and close it
INFO:root:Starting episode 4...
INFO:root:Success: False
INFO:root:# episodes completed so far: 164
INFO:root:# successes: 20 (12.2%)

 20%|â–ˆâ–ˆ        | 4/20 [00:59<03:59, 14.99s/it][AINFO:root:
Task: put the yellow and white mug in the microwave and close it
INFO:root:Starting episode 5...
INFO:root:Success: False
INFO:root:# episodes completed so far: 165
INFO:root:# successes: 20 (12.1%)

 25%|â–ˆâ–ˆâ–Œ       | 5/20 [01:14<03:44, 14.97s/it][AINFO:root:
Task: put the yellow and white mug in the microwave and close it
INFO:root:Starting episode 6...
INFO:root:Success: False
INFO:root:# episodes completed so far: 166
INFO:root:# successes: 20 (12.0%)

 30%|â–ˆâ–ˆâ–ˆ       | 6/20 [01:29<03:29, 14.95s/it][AINFO:root:
Task: put the yellow and white mug in the microwave and close it
INFO:root:Starting episode 7...
INFO:root:Success: False
INFO:root:# episodes completed so far: 167
INFO:root:# successes: 20 (12.0%)

 35%|â–ˆâ–ˆâ–ˆâ–Œ      | 7/20 [01:45<03:15, 15.07s/it][AINFO:root:
Task: put the yellow and white mug in the microwave and close it
INFO:root:Starting episode 8...
INFO:root:Success: False
INFO:root:# episodes completed so far: 168
INFO:root:# successes: 20 (11.9%)

 40%|â–ˆâ–ˆâ–ˆâ–ˆ      | 8/20 [02:00<03:00, 15.06s/it][AINFO:root:
Task: put the yellow and white mug in the microwave and close it
INFO:root:Starting episode 9...
INFO:root:Success: False
INFO:root:# episodes completed so far: 169
INFO:root:# successes: 20 (11.8%)

 45%|â–ˆâ–ˆâ–ˆâ–ˆâ–Œ     | 9/20 [02:14<02:44, 14.95s/it][AINFO:root:
Task: put the yellow and white mug in the microwave and close it
INFO:root:Starting episode 10...
INFO:root:Success: False
INFO:root:# episodes completed so far: 170
INFO:root:# successes: 20 (11.8%)

 50%|â–ˆâ–ˆâ–ˆâ–ˆâ–ˆ     | 10/20 [02:29<02:29, 14.96s/it][AINFO:root:
Task: put the yellow and white mug in the microwave and close it
INFO:root:Starting episode 11...
INFO:root:Success: False
INFO:root:# episodes completed so far: 171
INFO:root:# successes: 20 (11.7%)

 55%|â–ˆâ–ˆâ–ˆâ–ˆâ–ˆâ–Œ    | 11/20 [02:44<02:14, 14.94s/it][AINFO:root:
Task: put the yellow and white mug in the microwave and close it
INFO:root:Starting episode 12...
INFO:root:Success: False
INFO:root:# episodes completed so far: 172
INFO:root:# successes: 20 (11.6%)

 60%|â–ˆâ–ˆâ–ˆâ–ˆâ–ˆâ–ˆ    | 12/20 [02:59<01:59, 14.94s/it][AINFO:root:
Task: put the yellow and white mug in the microwave and close it
INFO:root:Starting episode 13...
INFO:root:Success: False
INFO:root:# episodes completed so far: 173
INFO:root:# successes: 20 (11.6%)

 65%|â–ˆâ–ˆâ–ˆâ–ˆâ–ˆâ–ˆâ–Œ   | 13/20 [03:14<01:44, 14.91s/it][AINFO:root:
Task: put the yellow and white mug in the microwave and close it
INFO:root:Starting episode 14...
INFO:root:Success: False
INFO:root:# episodes completed so far: 174
INFO:root:# successes: 20 (11.5%)

 70%|â–ˆâ–ˆâ–ˆâ–ˆâ–ˆâ–ˆâ–ˆ   | 14/20 [03:29<01:29, 14.84s/it][AINFO:root:
Task: put the yellow and white mug in the microwave and close it
INFO:root:Starting episode 15...
INFO:root:Success: False
INFO:root:# episodes completed so far: 175
INFO:root:# successes: 20 (11.4%)

 75%|â–ˆâ–ˆâ–ˆâ–ˆâ–ˆâ–ˆâ–ˆâ–Œ  | 15/20 [03:44<01:15, 15.00s/it][AINFO:root:
Task: put the yellow and white mug in the microwave and close it
INFO:root:Starting episode 16...
INFO:root:Success: True
INFO:root:# episodes completed so far: 176
INFO:root:# successes: 21 (11.9%)

 80%|â–ˆâ–ˆâ–ˆâ–ˆâ–ˆâ–ˆâ–ˆâ–ˆ  | 16/20 [03:57<00:57, 14.30s/it][AINFO:root:
Task: put the yellow and white mug in the microwave and close it
INFO:root:Starting episode 17...
INFO:root:Success: True
INFO:root:# episodes completed so far: 177
INFO:root:# successes: 22 (12.4%)

 85%|â–ˆâ–ˆâ–ˆâ–ˆâ–ˆâ–ˆâ–ˆâ–ˆâ–Œ | 17/20 [04:10<00:41, 13.90s/it][AINFO:root:
Task: put the yellow and white mug in the microwave and close it
INFO:root:Starting episode 18...
INFO:root:Success: False
INFO:root:# episodes completed so far: 178
INFO:root:# successes: 22 (12.4%)

 90%|â–ˆâ–ˆâ–ˆâ–ˆâ–ˆâ–ˆâ–ˆâ–ˆâ–ˆ | 18/20 [04:25<00:28, 14.33s/it][AINFO:root:
Task: put the yellow and white mug in the microwave and close it
INFO:root:Starting episode 19...
INFO:root:Success: False
INFO:root:# episodes completed so far: 179
INFO:root:# successes: 22 (12.3%)

 95%|â–ˆâ–ˆâ–ˆâ–ˆâ–ˆâ–ˆâ–ˆâ–ˆâ–ˆâ–Œ| 19/20 [04:40<00:14, 14.44s/it][AINFO:root:
Task: put the yellow and white mug in the microwave and close it
INFO:root:Starting episode 20...
INFO:root:Success: False
INFO:root:# episodes completed so far: 180
INFO:root:# successes: 22 (12.2%)

100%|â–ˆâ–ˆâ–ˆâ–ˆâ–ˆâ–ˆâ–ˆâ–ˆâ–ˆâ–ˆ| 20/20 [04:55<00:00, 14.73s/it][A100%|â–ˆâ–ˆâ–ˆâ–ˆâ–ˆâ–ˆâ–ˆâ–ˆâ–ˆâ–ˆ| 20/20 [04:55<00:00, 14.78s/it]
INFO:root:Current task success rate: 0.1
INFO:root:Current total success rate: 0.12222222222222222
100%|â–ˆâ–ˆâ–ˆâ–ˆâ–ˆâ–ˆâ–ˆâ–ˆâ–ˆâ–ˆ| 10/10 [45:03<00:00, 288.56s/it]100%|â–ˆâ–ˆâ–ˆâ–ˆâ–ˆâ–ˆâ–ˆâ–ˆâ–ˆâ–ˆ| 10/10 [45:03<00:00, 270.36s/it]
INFO:root:Total success rate: 0.12222222222222222
INFO:root:Total episodes: 180
INFO:root:Results saved to: data/libero/horizon_50/results.csv
INFO:root:Summary results saved to: data/libero/horizon_50/results_summary.csv
ERROR:websockets.server:opening handshake failed
Traceback (most recent call last):
  File "/coc/flash8/rbansal66/openpi_rollout/openpi/.venv/lib/python3.11/site-packages/websockets/server.py", line 545, in parse
    request = yield from Request.parse(
              ^^^^^^^^^^^^^^^^^^^^^^^^^
  File "/coc/flash8/rbansal66/openpi_rollout/openpi/.venv/lib/python3.11/site-packages/websockets/http11.py", line 151, in parse
    raise ValueError(f"unsupported HTTP method; expected GET; got {d(method)}")
ValueError: unsupported HTTP method; expected GET; got HEAD

The above exception was the direct cause of the following exception:

Traceback (most recent call last):
  File "/coc/flash8/rbansal66/openpi_rollout/openpi/.venv/lib/python3.11/site-packages/websockets/asyncio/server.py", line 356, in conn_handler
    await connection.handshake(
  File "/coc/flash8/rbansal66/openpi_rollout/openpi/.venv/lib/python3.11/site-packages/websockets/asyncio/server.py", line 207, in handshake
    raise self.protocol.handshake_exc
websockets.exceptions.InvalidMessage: did not receive a valid HTTP request
ERROR:websockets.server:opening handshake failed
Traceback (most recent call last):
  File "/coc/flash8/rbansal66/openpi_rollout/openpi/.venv/lib/python3.11/site-packages/websockets/server.py", line 545, in parse
    request = yield from Request.parse(
              ^^^^^^^^^^^^^^^^^^^^^^^^^
  File "/coc/flash8/rbansal66/openpi_rollout/openpi/.venv/lib/python3.11/site-packages/websockets/http11.py", line 151, in parse
    raise ValueError(f"unsupported HTTP method; expected GET; got {d(method)}")
ValueError: unsupported HTTP method; expected GET; got HEAD

The above exception was the direct cause of the following exception:

Traceback (most recent call last):
  File "/coc/flash8/rbansal66/openpi_rollout/openpi/.venv/lib/python3.11/site-packages/websockets/asyncio/server.py", line 356, in conn_handler
    await connection.handshake(
  File "/coc/flash8/rbansal66/openpi_rollout/openpi/.venv/lib/python3.11/site-packages/websockets/asyncio/server.py", line 207, in handshake
    raise self.protocol.handshake_exc
websockets.exceptions.InvalidMessage: did not receive a valid HTTP request
ERROR:websockets.server:opening handshake failed
Traceback (most recent call last):
  File "/coc/flash8/rbansal66/openpi_rollout/openpi/.venv/lib/python3.11/site-packages/websockets/server.py", line 545, in parse
    request = yield from Request.parse(
              ^^^^^^^^^^^^^^^^^^^^^^^^^
  File "/coc/flash8/rbansal66/openpi_rollout/openpi/.venv/lib/python3.11/site-packages/websockets/http11.py", line 151, in parse
    raise ValueError(f"unsupported HTTP method; expected GET; got {d(method)}")
ValueError: unsupported HTTP method; expected GET; got HEAD

The above exception was the direct cause of the following exception:

Traceback (most recent call last):
  File "/coc/flash8/rbansal66/openpi_rollout/openpi/.venv/lib/python3.11/site-packages/websockets/asyncio/server.py", line 356, in conn_handler
    await connection.handshake(
  File "/coc/flash8/rbansal66/openpi_rollout/openpi/.venv/lib/python3.11/site-packages/websockets/asyncio/server.py", line 207, in handshake
    raise self.protocol.handshake_exc
websockets.exceptions.InvalidMessage: did not receive a valid HTTP request
ERROR:websockets.server:opening handshake failed
Traceback (most recent call last):
  File "/coc/flash8/rbansal66/openpi_rollout/openpi/.venv/lib/python3.11/site-packages/websockets/server.py", line 545, in parse
    request = yield from Request.parse(
              ^^^^^^^^^^^^^^^^^^^^^^^^^
  File "/coc/flash8/rbansal66/openpi_rollout/openpi/.venv/lib/python3.11/site-packages/websockets/http11.py", line 151, in parse
    raise ValueError(f"unsupported HTTP method; expected GET; got {d(method)}")
ValueError: unsupported HTTP method; expected GET; got HEAD

The above exception was the direct cause of the following exception:

Traceback (most recent call last):
  File "/coc/flash8/rbansal66/openpi_rollout/openpi/.venv/lib/python3.11/site-packages/websockets/asyncio/server.py", line 356, in conn_handler
    await connection.handshake(
  File "/coc/flash8/rbansal66/openpi_rollout/openpi/.venv/lib/python3.11/site-packages/websockets/asyncio/server.py", line 207, in handshake
    raise self.protocol.handshake_exc
websockets.exceptions.InvalidMessage: did not receive a valid HTTP request
slurmstepd: error: *** JOB 1860702 ON sonny CANCELLED AT 2025-10-28T23:10:17 ***
