warning: The `tool.uv.dev-dependencies` field (used in `packages/openpi-client/pyproject.toml`) is deprecated and will be removed in a future release; use `dependency-groups.dev` instead
[robosuite WARNING] No private macro file found! (macros.py:53)
[robosuite WARNING] It is recommended to use a private macro file (macros.py:54)
[robosuite WARNING] To setup, run: python /coc/flash8/rbansal66/openpi_rollout/openpi/examples/libero/.venv/lib/python3.8/site-packages/robosuite/scripts/setup_macros.py (macros.py:55)
INFO:root:Task suite: libero_10
INFO:root:Videos will be saved to: data/libero/videos/20251029_015914_rtcTrue_lat150.0_hrzn10/horizon_10
INFO:root:Results will be saved to: data/libero/20251029_015914_rtcTrue_lat150.0_hrzn10/horizon_10/results.csv
INFO:root:Waiting for server at ws://0.0.0.0:8080...
INFO:root:Still waiting for server...
INFO:root:Still waiting for server...
INFO:root:Loading model...
INFO:root:Still waiting for server...
INFO:2025-10-29 01:59:29,224:jax._src.xla_bridge:925: Unable to initialize backend 'rocm': module 'jaxlib.xla_extension' has no attribute 'GpuAllocatorConfig'
INFO:jax._src.xla_bridge:Unable to initialize backend 'rocm': module 'jaxlib.xla_extension' has no attribute 'GpuAllocatorConfig'
INFO:2025-10-29 01:59:29,232:jax._src.xla_bridge:925: Unable to initialize backend 'tpu': INTERNAL: Failed to open libtpu.so: libtpu.so: cannot open shared object file: No such file or directory
INFO:jax._src.xla_bridge:Unable to initialize backend 'tpu': INTERNAL: Failed to open libtpu.so: libtpu.so: cannot open shared object file: No such file or directory
INFO:absl:orbax-checkpoint version: 0.11.13
INFO:absl:Created BasePyTreeCheckpointHandler: use_ocdbt=True, use_zarr3=False, pytree_metadata_options=PyTreeMetadataOptions(support_rich_types=False), array_metadata_store=<orbax.checkpoint._src.metadata.array_metadata_store.Store object at 0x7fc8f0478210>
INFO:absl:Restoring checkpoint from /coc/flash8/rbansal66/openpi_rollout/openpi/.cache/openpi/openpi-assets/checkpoints/pi05_libero/params.
INFO:root:Still waiting for server...
INFO:absl:[thread=MainThread] Failed to get flag value for EXPERIMENTAL_ORBAX_USE_DISTRIBUTED_PROCESS_ID.
INFO:root:Still waiting for server...
INFO:root:Still waiting for server...
INFO:root:Still waiting for server...
INFO:absl:[process=0] /jax/checkpoint/read/bytes_per_sec: 350.3 MiB/s (total bytes: 6.2 GiB) (time elapsed: 18 seconds) (per-host)
INFO:absl:Finished restoring checkpoint in 18.26 seconds from /coc/flash8/rbansal66/openpi_rollout/openpi/.cache/openpi/openpi-assets/checkpoints/pi05_libero/params.
INFO:root:Norm stats not found in /coc/flash8/rbansal66/openpi_rollout/openpi/assets/pi05_libero/physical-intelligence/libero, skipping.
INFO:root:Loaded norm stats from /coc/flash8/rbansal66/openpi_rollout/openpi/.cache/openpi/openpi-assets/checkpoints/pi05_libero/assets/physical-intelligence/libero
INFO:root:Creating server (host: megazord, ip: 127.0.1.1)
INFO:websockets.server:server listening on 0.0.0.0:8080
INFO:websockets.server:connection open
INFO:openpi.serving.websocket_policy_server:Connection from ('127.0.0.1', 34092) opened
  0%|          | 0/10 [00:00<?, ?it/s]/coc/flash8/rbansal66/openpi_rollout/openpi/examples/libero/.venv/lib/python3.8/site-packages/numba/np/arraymath.py:3845: DeprecationWarning: `np.MachAr` is deprecated (NumPy 1.22).
  @overload(np.MachAr)

  0%|          | 0/20 [00:00<?, ?it/s][AINFO:root:
Task: put both the alphabet soup and the tomato sauce in the basket
INFO:root:Starting episode 1...
INFO:root:Success: False
INFO:root:# episodes completed so far: 1
INFO:root:# successes: 0 (0.0%)

  5%|â–Œ         | 1/20 [01:07<21:19, 67.35s/it][AINFO:root:
Task: put both the alphabet soup and the tomato sauce in the basket
INFO:root:Starting episode 2...
INFO:root:Success: False
INFO:root:# episodes completed so far: 2
INFO:root:# successes: 0 (0.0%)

 10%|â–ˆ         | 2/20 [01:25<11:32, 38.45s/it][AINFO:root:
Task: put both the alphabet soup and the tomato sauce in the basket
INFO:root:Starting episode 3...
INFO:root:Success: False
INFO:root:# episodes completed so far: 3
INFO:root:# successes: 0 (0.0%)

 15%|â–ˆâ–Œ        | 3/20 [01:43<08:17, 29.25s/it][AINFO:root:
Task: put both the alphabet soup and the tomato sauce in the basket
INFO:root:Starting episode 4...
INFO:root:Success: False
INFO:root:# episodes completed so far: 4
INFO:root:# successes: 0 (0.0%)

 20%|â–ˆâ–ˆ        | 4/20 [02:02<06:38, 24.88s/it][AINFO:root:
Task: put both the alphabet soup and the tomato sauce in the basket
INFO:root:Starting episode 5...
INFO:root:Success: False
INFO:root:# episodes completed so far: 5
INFO:root:# successes: 0 (0.0%)

 25%|â–ˆâ–ˆâ–Œ       | 5/20 [02:20<05:36, 22.45s/it][AINFO:root:
Task: put both the alphabet soup and the tomato sauce in the basket
INFO:root:Starting episode 6...
INFO:root:Success: False
INFO:root:# episodes completed so far: 6
INFO:root:# successes: 0 (0.0%)

 30%|â–ˆâ–ˆâ–ˆ       | 6/20 [02:38<04:54, 21.01s/it][AINFO:root:
Task: put both the alphabet soup and the tomato sauce in the basket
INFO:root:Starting episode 7...
INFO:root:Success: False
INFO:root:# episodes completed so far: 7
INFO:root:# successes: 0 (0.0%)

 35%|â–ˆâ–ˆâ–ˆâ–Œ      | 7/20 [02:56<04:21, 20.13s/it][AINFO:root:
Task: put both the alphabet soup and the tomato sauce in the basket
INFO:root:Starting episode 8...
INFO:root:Success: False
INFO:root:# episodes completed so far: 8
INFO:root:# successes: 0 (0.0%)

 40%|â–ˆâ–ˆâ–ˆâ–ˆ      | 8/20 [03:15<03:54, 19.55s/it][AINFO:root:
Task: put both the alphabet soup and the tomato sauce in the basket
INFO:root:Starting episode 9...
INFO:root:Success: False
INFO:root:# episodes completed so far: 9
INFO:root:# successes: 0 (0.0%)

 45%|â–ˆâ–ˆâ–ˆâ–ˆâ–Œ     | 9/20 [03:33<03:30, 19.10s/it][AINFO:root:
Task: put both the alphabet soup and the tomato sauce in the basket
INFO:root:Starting episode 10...
INFO:root:Success: False
INFO:root:# episodes completed so far: 10
INFO:root:# successes: 0 (0.0%)

 50%|â–ˆâ–ˆâ–ˆâ–ˆâ–ˆ     | 10/20 [03:51<03:08, 18.83s/it][AINFO:root:
Task: put both the alphabet soup and the tomato sauce in the basket
INFO:root:Starting episode 11...
INFO:root:Success: False
INFO:root:# episodes completed so far: 11
INFO:root:# successes: 0 (0.0%)

 55%|â–ˆâ–ˆâ–ˆâ–ˆâ–ˆâ–Œ    | 11/20 [04:09<02:47, 18.62s/it][AINFO:root:
Task: put both the alphabet soup and the tomato sauce in the basket
INFO:root:Starting episode 12...
INFO:root:Success: False
INFO:root:# episodes completed so far: 12
INFO:root:# successes: 0 (0.0%)

 60%|â–ˆâ–ˆâ–ˆâ–ˆâ–ˆâ–ˆ    | 12/20 [04:27<02:28, 18.51s/it][AINFO:root:
Task: put both the alphabet soup and the tomato sauce in the basket
INFO:root:Starting episode 13...
INFO:root:Success: False
INFO:root:# episodes completed so far: 13
INFO:root:# successes: 0 (0.0%)

 65%|â–ˆâ–ˆâ–ˆâ–ˆâ–ˆâ–ˆâ–Œ   | 13/20 [04:46<02:09, 18.43s/it][AINFO:root:
Task: put both the alphabet soup and the tomato sauce in the basket
INFO:root:Starting episode 14...
INFO:root:Success: False
INFO:root:# episodes completed so far: 14
INFO:root:# successes: 0 (0.0%)

 70%|â–ˆâ–ˆâ–ˆâ–ˆâ–ˆâ–ˆâ–ˆ   | 14/20 [05:04<01:50, 18.34s/it][AINFO:root:
Task: put both the alphabet soup and the tomato sauce in the basket
INFO:root:Starting episode 15...
INFO:root:Success: False
INFO:root:# episodes completed so far: 15
INFO:root:# successes: 0 (0.0%)

 75%|â–ˆâ–ˆâ–ˆâ–ˆâ–ˆâ–ˆâ–ˆâ–Œ  | 15/20 [05:22<01:31, 18.32s/it][AINFO:root:
Task: put both the alphabet soup and the tomato sauce in the basket
INFO:root:Starting episode 16...
INFO:root:Success: False
INFO:root:# episodes completed so far: 16
INFO:root:# successes: 0 (0.0%)

 80%|â–ˆâ–ˆâ–ˆâ–ˆâ–ˆâ–ˆâ–ˆâ–ˆ  | 16/20 [05:40<01:12, 18.25s/it][AINFO:root:
Task: put both the alphabet soup and the tomato sauce in the basket
INFO:root:Starting episode 17...
INFO:root:Success: False
INFO:root:# episodes completed so far: 17
INFO:root:# successes: 0 (0.0%)

 85%|â–ˆâ–ˆâ–ˆâ–ˆâ–ˆâ–ˆâ–ˆâ–ˆâ–Œ | 17/20 [05:58<00:54, 18.19s/it][AINFO:root:
Task: put both the alphabet soup and the tomato sauce in the basket
INFO:root:Starting episode 18...
INFO:root:Success: False
INFO:root:# episodes completed so far: 18
INFO:root:# successes: 0 (0.0%)

 90%|â–ˆâ–ˆâ–ˆâ–ˆâ–ˆâ–ˆâ–ˆâ–ˆâ–ˆ | 18/20 [06:16<00:36, 18.18s/it][AINFO:root:
Task: put both the alphabet soup and the tomato sauce in the basket
INFO:root:Starting episode 19...
INFO:root:Success: False
INFO:root:# episodes completed so far: 19
INFO:root:# successes: 0 (0.0%)

 95%|â–ˆâ–ˆâ–ˆâ–ˆâ–ˆâ–ˆâ–ˆâ–ˆâ–ˆâ–Œ| 19/20 [06:34<00:18, 18.14s/it][AINFO:root:
Task: put both the alphabet soup and the tomato sauce in the basket
INFO:root:Starting episode 20...
INFO:root:Success: False
INFO:root:# episodes completed so far: 20
INFO:root:# successes: 0 (0.0%)

100%|â–ˆâ–ˆâ–ˆâ–ˆâ–ˆâ–ˆâ–ˆâ–ˆâ–ˆâ–ˆ| 20/20 [06:52<00:00, 18.14s/it][A100%|â–ˆâ–ˆâ–ˆâ–ˆâ–ˆâ–ˆâ–ˆâ–ˆâ–ˆâ–ˆ| 20/20 [06:52<00:00, 20.65s/it]
INFO:root:Current task success rate: 0.0
INFO:root:Current total success rate: 0.0
 10%|â–ˆ         | 1/10 [06:55<1:02:21, 415.67s/it]
  0%|          | 0/20 [00:00<?, ?it/s][AINFO:root:
Task: turn on the stove and put the moka pot on it
INFO:root:Starting episode 1...
INFO:root:Success: False
INFO:root:# episodes completed so far: 21
INFO:root:# successes: 0 (0.0%)

  5%|â–Œ         | 1/20 [00:17<05:32, 17.49s/it][AINFO:root:
Task: turn on the stove and put the moka pot on it
INFO:root:Starting episode 2...
INFO:root:Success: False
INFO:root:# episodes completed so far: 22
INFO:root:# successes: 0 (0.0%)

 10%|â–ˆ         | 2/20 [00:34<05:14, 17.49s/it][AINFO:root:
Task: turn on the stove and put the moka pot on it
INFO:root:Starting episode 3...
INFO:root:Success: False
INFO:root:# episodes completed so far: 23
INFO:root:# successes: 0 (0.0%)

 15%|â–ˆâ–Œ        | 3/20 [00:52<04:56, 17.43s/it][AINFO:root:
Task: turn on the stove and put the moka pot on it
INFO:root:Starting episode 4...
INFO:root:Success: False
INFO:root:# episodes completed so far: 24
INFO:root:# successes: 0 (0.0%)

 20%|â–ˆâ–ˆ        | 4/20 [01:09<04:38, 17.40s/it][AINFO:root:
Task: turn on the stove and put the moka pot on it
INFO:root:Starting episode 5...
INFO:root:Success: False
INFO:root:# episodes completed so far: 25
INFO:root:# successes: 0 (0.0%)

 25%|â–ˆâ–ˆâ–Œ       | 5/20 [01:27<04:21, 17.41s/it][AINFO:root:
Task: turn on the stove and put the moka pot on it
INFO:root:Starting episode 6...
INFO:root:Success: False
INFO:root:# episodes completed so far: 26
INFO:root:# successes: 0 (0.0%)

 30%|â–ˆâ–ˆâ–ˆ       | 6/20 [01:44<04:03, 17.38s/it][AINFO:root:
Task: turn on the stove and put the moka pot on it
INFO:root:Starting episode 7...
INFO:root:Success: False
INFO:root:# episodes completed so far: 27
INFO:root:# successes: 0 (0.0%)

 35%|â–ˆâ–ˆâ–ˆâ–Œ      | 7/20 [02:01<03:46, 17.42s/it][AINFO:root:
Task: turn on the stove and put the moka pot on it
INFO:root:Starting episode 8...
INFO:root:Success: False
INFO:root:# episodes completed so far: 28
INFO:root:# successes: 0 (0.0%)

 40%|â–ˆâ–ˆâ–ˆâ–ˆ      | 8/20 [02:19<03:29, 17.47s/it][AINFO:root:
Task: turn on the stove and put the moka pot on it
INFO:root:Starting episode 9...
INFO:root:Success: False
INFO:root:# episodes completed so far: 29
INFO:root:# successes: 0 (0.0%)

 45%|â–ˆâ–ˆâ–ˆâ–ˆâ–Œ     | 9/20 [02:36<03:12, 17.46s/it][AINFO:root:
Task: turn on the stove and put the moka pot on it
INFO:root:Starting episode 10...
INFO:root:Success: False
INFO:root:# episodes completed so far: 30
INFO:root:# successes: 0 (0.0%)

 50%|â–ˆâ–ˆâ–ˆâ–ˆâ–ˆ     | 10/20 [02:54<02:54, 17.46s/it][AINFO:root:
Task: turn on the stove and put the moka pot on it
INFO:root:Starting episode 11...
INFO:root:Success: True
INFO:root:# episodes completed so far: 31
INFO:root:# successes: 1 (3.2%)

 55%|â–ˆâ–ˆâ–ˆâ–ˆâ–ˆâ–Œ    | 11/20 [03:11<02:35, 17.23s/it][AINFO:root:
Task: turn on the stove and put the moka pot on it
INFO:root:Starting episode 12...
INFO:root:Success: False
INFO:root:# episodes completed so far: 32
INFO:root:# successes: 1 (3.1%)

 60%|â–ˆâ–ˆâ–ˆâ–ˆâ–ˆâ–ˆ    | 12/20 [03:28<02:18, 17.29s/it][AINFO:root:
Task: turn on the stove and put the moka pot on it
INFO:root:Starting episode 13...
INFO:root:Success: False
INFO:root:# episodes completed so far: 33
INFO:root:# successes: 1 (3.0%)

 65%|â–ˆâ–ˆâ–ˆâ–ˆâ–ˆâ–ˆâ–Œ   | 13/20 [03:45<02:01, 17.32s/it][AINFO:root:
Task: turn on the stove and put the moka pot on it
INFO:root:Starting episode 14...
INFO:root:Success: False
INFO:root:# episodes completed so far: 34
INFO:root:# successes: 1 (2.9%)

 70%|â–ˆâ–ˆâ–ˆâ–ˆâ–ˆâ–ˆâ–ˆ   | 14/20 [04:03<01:44, 17.36s/it][AINFO:root:
Task: turn on the stove and put the moka pot on it
INFO:root:Starting episode 15...
INFO:root:Success: False
INFO:root:# episodes completed so far: 35
INFO:root:# successes: 1 (2.9%)

 75%|â–ˆâ–ˆâ–ˆâ–ˆâ–ˆâ–ˆâ–ˆâ–Œ  | 15/20 [04:20<01:26, 17.39s/it][AINFO:root:
Task: turn on the stove and put the moka pot on it
INFO:root:Starting episode 16...
INFO:root:Success: False
INFO:root:# episodes completed so far: 36
INFO:root:# successes: 1 (2.8%)

 80%|â–ˆâ–ˆâ–ˆâ–ˆâ–ˆâ–ˆâ–ˆâ–ˆ  | 16/20 [04:38<01:09, 17.44s/it][AINFO:root:
Task: turn on the stove and put the moka pot on it
INFO:root:Starting episode 17...
INFO:root:Success: False
INFO:root:# episodes completed so far: 37
INFO:root:# successes: 1 (2.7%)

 85%|â–ˆâ–ˆâ–ˆâ–ˆâ–ˆâ–ˆâ–ˆâ–ˆâ–Œ | 17/20 [04:55<00:52, 17.45s/it][AINFO:root:
Task: turn on the stove and put the moka pot on it
INFO:root:Starting episode 18...
INFO:root:Success: False
INFO:root:# episodes completed so far: 38
INFO:root:# successes: 1 (2.6%)

 90%|â–ˆâ–ˆâ–ˆâ–ˆâ–ˆâ–ˆâ–ˆâ–ˆâ–ˆ | 18/20 [05:13<00:35, 17.52s/it][AINFO:root:
Task: turn on the stove and put the moka pot on it
INFO:root:Starting episode 19...
INFO:root:Success: False
INFO:root:# episodes completed so far: 39
INFO:root:# successes: 1 (2.6%)

 95%|â–ˆâ–ˆâ–ˆâ–ˆâ–ˆâ–ˆâ–ˆâ–ˆâ–ˆâ–Œ| 19/20 [05:31<00:17, 17.52s/it][AINFO:root:
Task: turn on the stove and put the moka pot on it
INFO:root:Starting episode 20...
INFO:root:Success: False
INFO:root:# episodes completed so far: 40
INFO:root:# successes: 1 (2.5%)

100%|â–ˆâ–ˆâ–ˆâ–ˆâ–ˆâ–ˆâ–ˆâ–ˆâ–ˆâ–ˆ| 20/20 [05:48<00:00, 17.47s/it][A100%|â–ˆâ–ˆâ–ˆâ–ˆâ–ˆâ–ˆâ–ˆâ–ˆâ–ˆâ–ˆ| 20/20 [05:48<00:00, 17.42s/it]
INFO:root:Current task success rate: 0.05
INFO:root:Current total success rate: 0.025
 30%|â–ˆâ–ˆâ–ˆ       | 3/10 [12:44<27:39, 237.09s/it]  
  0%|          | 0/20 [00:00<?, ?it/s][AINFO:root:
Task: put the black bowl in the bottom drawer of the cabinet and close it
INFO:root:Starting episode 1...
INFO:root:Success: False
INFO:root:# episodes completed so far: 41
INFO:root:# successes: 1 (2.4%)

  5%|â–Œ         | 1/20 [00:17<05:33, 17.57s/it][AINFO:root:
Task: put the black bowl in the bottom drawer of the cabinet and close it
INFO:root:Starting episode 2...
INFO:root:Success: False
INFO:root:# episodes completed so far: 42
INFO:root:# successes: 1 (2.4%)

 10%|â–ˆ         | 2/20 [00:35<05:16, 17.58s/it][AINFO:root:
Task: put the black bowl in the bottom drawer of the cabinet and close it
INFO:root:Starting episode 3...
INFO:root:Success: False
INFO:root:# episodes completed so far: 43
INFO:root:# successes: 1 (2.3%)

 15%|â–ˆâ–Œ        | 3/20 [00:52<04:58, 17.56s/it][AINFO:root:
Task: put the black bowl in the bottom drawer of the cabinet and close it
INFO:root:Starting episode 4...
INFO:root:Success: False
INFO:root:# episodes completed so far: 44
INFO:root:# successes: 1 (2.3%)

 20%|â–ˆâ–ˆ        | 4/20 [01:10<04:41, 17.58s/it][AINFO:root:
Task: put the black bowl in the bottom drawer of the cabinet and close it
INFO:root:Starting episode 5...
INFO:root:Success: False
INFO:root:# episodes completed so far: 45
INFO:root:# successes: 1 (2.2%)

 25%|â–ˆâ–ˆâ–Œ       | 5/20 [01:27<04:23, 17.58s/it][AINFO:root:
Task: put the black bowl in the bottom drawer of the cabinet and close it
INFO:root:Starting episode 6...
INFO:root:Success: False
INFO:root:# episodes completed so far: 46
INFO:root:# successes: 1 (2.2%)

 30%|â–ˆâ–ˆâ–ˆ       | 6/20 [01:45<04:07, 17.65s/it][AINFO:root:
Task: put the black bowl in the bottom drawer of the cabinet and close it
INFO:root:Starting episode 7...
INFO:root:Success: False
INFO:root:# episodes completed so far: 47
INFO:root:# successes: 1 (2.1%)

 35%|â–ˆâ–ˆâ–ˆâ–Œ      | 7/20 [02:03<03:49, 17.64s/it][AINFO:root:
Task: put the black bowl in the bottom drawer of the cabinet and close it
INFO:root:Starting episode 8...
INFO:root:Success: False
INFO:root:# episodes completed so far: 48
INFO:root:# successes: 1 (2.1%)

 40%|â–ˆâ–ˆâ–ˆâ–ˆ      | 8/20 [02:20<03:31, 17.66s/it][AINFO:root:
Task: put the black bowl in the bottom drawer of the cabinet and close it
INFO:root:Starting episode 9...
INFO:root:Success: False
INFO:root:# episodes completed so far: 49
INFO:root:# successes: 1 (2.0%)

 45%|â–ˆâ–ˆâ–ˆâ–ˆâ–Œ     | 9/20 [02:38<03:13, 17.60s/it][AINFO:root:
Task: put the black bowl in the bottom drawer of the cabinet and close it
INFO:root:Starting episode 10...
INFO:root:Success: False
INFO:root:# episodes completed so far: 50
INFO:root:# successes: 1 (2.0%)

 50%|â–ˆâ–ˆâ–ˆâ–ˆâ–ˆ     | 10/20 [02:55<02:55, 17.58s/it][AINFO:root:
Task: put the black bowl in the bottom drawer of the cabinet and close it
INFO:root:Starting episode 11...
INFO:root:Success: False
INFO:root:# episodes completed so far: 51
INFO:root:# successes: 1 (2.0%)

 55%|â–ˆâ–ˆâ–ˆâ–ˆâ–ˆâ–Œ    | 11/20 [03:13<02:38, 17.56s/it][AINFO:root:
Task: put the black bowl in the bottom drawer of the cabinet and close it
INFO:root:Starting episode 12...
INFO:root:Success: False
INFO:root:# episodes completed so far: 52
INFO:root:# successes: 1 (1.9%)

 60%|â–ˆâ–ˆâ–ˆâ–ˆâ–ˆâ–ˆ    | 12/20 [03:31<02:20, 17.60s/it][AINFO:root:
Task: put the black bowl in the bottom drawer of the cabinet and close it
INFO:root:Starting episode 13...
INFO:root:Success: False
INFO:root:# episodes completed so far: 53
INFO:root:# successes: 1 (1.9%)

 65%|â–ˆâ–ˆâ–ˆâ–ˆâ–ˆâ–ˆâ–Œ   | 13/20 [03:48<02:03, 17.61s/it][AINFO:root:
Task: put the black bowl in the bottom drawer of the cabinet and close it
INFO:root:Starting episode 14...
INFO:root:Success: False
INFO:root:# episodes completed so far: 54
INFO:root:# successes: 1 (1.9%)

 70%|â–ˆâ–ˆâ–ˆâ–ˆâ–ˆâ–ˆâ–ˆ   | 14/20 [04:06<01:45, 17.63s/it][AINFO:root:
Task: put the black bowl in the bottom drawer of the cabinet and close it
INFO:root:Starting episode 15...
INFO:root:Success: False
INFO:root:# episodes completed so far: 55
INFO:root:# successes: 1 (1.8%)

 75%|â–ˆâ–ˆâ–ˆâ–ˆâ–ˆâ–ˆâ–ˆâ–Œ  | 15/20 [04:24<01:28, 17.64s/it][AINFO:root:
Task: put the black bowl in the bottom drawer of the cabinet and close it
INFO:root:Starting episode 16...
INFO:root:Success: False
INFO:root:# episodes completed so far: 56
INFO:root:# successes: 1 (1.8%)

 80%|â–ˆâ–ˆâ–ˆâ–ˆâ–ˆâ–ˆâ–ˆâ–ˆ  | 16/20 [04:41<01:10, 17.62s/it][AINFO:root:
Task: put the black bowl in the bottom drawer of the cabinet and close it
INFO:root:Starting episode 17...
INFO:root:Success: False
INFO:root:# episodes completed so far: 57
INFO:root:# successes: 1 (1.8%)

 85%|â–ˆâ–ˆâ–ˆâ–ˆâ–ˆâ–ˆâ–ˆâ–ˆâ–Œ | 17/20 [04:59<00:52, 17.63s/it][AINFO:root:
Task: put the black bowl in the bottom drawer of the cabinet and close it
INFO:root:Starting episode 18...
INFO:root:Success: False
INFO:root:# episodes completed so far: 58
INFO:root:# successes: 1 (1.7%)

 90%|â–ˆâ–ˆâ–ˆâ–ˆâ–ˆâ–ˆâ–ˆâ–ˆâ–ˆ | 18/20 [05:16<00:35, 17.60s/it][AINFO:root:
Task: put the black bowl in the bottom drawer of the cabinet and close it
INFO:root:Starting episode 19...
INFO:root:Success: False
INFO:root:# episodes completed so far: 59
INFO:root:# successes: 1 (1.7%)

 95%|â–ˆâ–ˆâ–ˆâ–ˆâ–ˆâ–ˆâ–ˆâ–ˆâ–ˆâ–Œ| 19/20 [05:34<00:17, 17.61s/it][AINFO:root:
Task: put the black bowl in the bottom drawer of the cabinet and close it
INFO:root:Starting episode 20...
INFO:root:Success: False
INFO:root:# episodes completed so far: 60
INFO:root:# successes: 1 (1.7%)

100%|â–ˆâ–ˆâ–ˆâ–ˆâ–ˆâ–ˆâ–ˆâ–ˆâ–ˆâ–ˆ| 20/20 [05:52<00:00, 17.57s/it][A100%|â–ˆâ–ˆâ–ˆâ–ˆâ–ˆâ–ˆâ–ˆâ–ˆâ–ˆâ–ˆ| 20/20 [05:52<00:00, 17.60s/it]
INFO:root:Current task success rate: 0.0
INFO:root:Current total success rate: 0.016666666666666666
 40%|â–ˆâ–ˆâ–ˆâ–ˆ      | 4/10 [18:37<27:43, 277.24s/it]
  0%|          | 0/20 [00:00<?, ?it/s][AINFO:root:
Task: put the white mug on the left plate and put the yellow and white mug on the right plate
INFO:root:Starting episode 1...
INFO:root:Success: False
INFO:root:# episodes completed so far: 61
INFO:root:# successes: 1 (1.6%)

  5%|â–Œ         | 1/20 [00:18<05:46, 18.23s/it][AINFO:root:
Task: put the white mug on the left plate and put the yellow and white mug on the right plate
INFO:root:Starting episode 2...
INFO:root:Success: False
INFO:root:# episodes completed so far: 62
INFO:root:# successes: 1 (1.6%)

 10%|â–ˆ         | 2/20 [00:36<05:28, 18.26s/it][AINFO:root:
Task: put the white mug on the left plate and put the yellow and white mug on the right plate
INFO:root:Starting episode 3...
INFO:root:Success: False
INFO:root:# episodes completed so far: 63
INFO:root:# successes: 1 (1.6%)

 15%|â–ˆâ–Œ        | 3/20 [00:54<05:10, 18.29s/it][AINFO:root:
Task: put the white mug on the left plate and put the yellow and white mug on the right plate
INFO:root:Starting episode 4...
INFO:root:Success: False
INFO:root:# episodes completed so far: 64
INFO:root:# successes: 1 (1.6%)

 20%|â–ˆâ–ˆ        | 4/20 [01:13<04:53, 18.32s/it][AINFO:root:
Task: put the white mug on the left plate and put the yellow and white mug on the right plate
INFO:root:Starting episode 5...
INFO:root:Success: False
INFO:root:# episodes completed so far: 65
INFO:root:# successes: 1 (1.5%)

 25%|â–ˆâ–ˆâ–Œ       | 5/20 [01:31<04:34, 18.28s/it][AINFO:root:
Task: put the white mug on the left plate and put the yellow and white mug on the right plate
INFO:root:Starting episode 6...
INFO:root:Success: False
INFO:root:# episodes completed so far: 66
INFO:root:# successes: 1 (1.5%)

 30%|â–ˆâ–ˆâ–ˆ       | 6/20 [01:49<04:15, 18.26s/it][AINFO:root:
Task: put the white mug on the left plate and put the yellow and white mug on the right plate
INFO:root:Starting episode 7...
INFO:root:Success: False
INFO:root:# episodes completed so far: 67
INFO:root:# successes: 1 (1.5%)

 35%|â–ˆâ–ˆâ–ˆâ–Œ      | 7/20 [02:07<03:56, 18.21s/it][AINFO:root:
Task: put the white mug on the left plate and put the yellow and white mug on the right plate
INFO:root:Starting episode 8...
INFO:root:Success: False
INFO:root:# episodes completed so far: 68
INFO:root:# successes: 1 (1.5%)

 40%|â–ˆâ–ˆâ–ˆâ–ˆ      | 8/20 [02:26<03:38, 18.23s/it][AINFO:root:
Task: put the white mug on the left plate and put the yellow and white mug on the right plate
INFO:root:Starting episode 9...
INFO:root:Success: False
INFO:root:# episodes completed so far: 69
INFO:root:# successes: 1 (1.4%)

 45%|â–ˆâ–ˆâ–ˆâ–ˆâ–Œ     | 9/20 [02:44<03:20, 18.24s/it][AINFO:root:
Task: put the white mug on the left plate and put the yellow and white mug on the right plate
INFO:root:Starting episode 10...
INFO:root:Success: False
INFO:root:# episodes completed so far: 70
INFO:root:# successes: 1 (1.4%)

 50%|â–ˆâ–ˆâ–ˆâ–ˆâ–ˆ     | 10/20 [03:02<03:02, 18.25s/it][AINFO:root:
Task: put the white mug on the left plate and put the yellow and white mug on the right plate
INFO:root:Starting episode 11...
INFO:root:Success: False
INFO:root:# episodes completed so far: 71
INFO:root:# successes: 1 (1.4%)

 55%|â–ˆâ–ˆâ–ˆâ–ˆâ–ˆâ–Œ    | 11/20 [03:20<02:44, 18.24s/it][AINFO:root:
Task: put the white mug on the left plate and put the yellow and white mug on the right plate
INFO:root:Starting episode 12...
INFO:root:Success: False
INFO:root:# episodes completed so far: 72
INFO:root:# successes: 1 (1.4%)

 60%|â–ˆâ–ˆâ–ˆâ–ˆâ–ˆâ–ˆ    | 12/20 [03:39<02:26, 18.29s/it][AINFO:root:
Task: put the white mug on the left plate and put the yellow and white mug on the right plate
INFO:root:Starting episode 13...
INFO:root:Success: False
INFO:root:# episodes completed so far: 73
INFO:root:# successes: 1 (1.4%)

 65%|â–ˆâ–ˆâ–ˆâ–ˆâ–ˆâ–ˆâ–Œ   | 13/20 [03:57<02:08, 18.30s/it][AINFO:root:
Task: put the white mug on the left plate and put the yellow and white mug on the right plate
INFO:root:Starting episode 14...
INFO:root:Success: False
INFO:root:# episodes completed so far: 74
INFO:root:# successes: 1 (1.4%)

 70%|â–ˆâ–ˆâ–ˆâ–ˆâ–ˆâ–ˆâ–ˆ   | 14/20 [04:16<01:50, 18.50s/it][AINFO:root:
Task: put the white mug on the left plate and put the yellow and white mug on the right plate
INFO:root:Starting episode 15...
INFO:root:Success: False
INFO:root:# episodes completed so far: 75
INFO:root:# successes: 1 (1.3%)

 75%|â–ˆâ–ˆâ–ˆâ–ˆâ–ˆâ–ˆâ–ˆâ–Œ  | 15/20 [04:34<01:32, 18.40s/it][AINFO:root:
Task: put the white mug on the left plate and put the yellow and white mug on the right plate
INFO:root:Starting episode 16...
INFO:root:Success: False
INFO:root:# episodes completed so far: 76
INFO:root:# successes: 1 (1.3%)

 80%|â–ˆâ–ˆâ–ˆâ–ˆâ–ˆâ–ˆâ–ˆâ–ˆ  | 16/20 [04:52<01:13, 18.37s/it][AINFO:root:
Task: put the white mug on the left plate and put the yellow and white mug on the right plate
INFO:root:Starting episode 17...
INFO:root:Success: False
INFO:root:# episodes completed so far: 77
INFO:root:# successes: 1 (1.3%)

 85%|â–ˆâ–ˆâ–ˆâ–ˆâ–ˆâ–ˆâ–ˆâ–ˆâ–Œ | 17/20 [05:11<00:55, 18.45s/it][AINFO:root:
Task: put the white mug on the left plate and put the yellow and white mug on the right plate
INFO:root:Starting episode 18...
INFO:root:Success: False
INFO:root:# episodes completed so far: 78
INFO:root:# successes: 1 (1.3%)

 90%|â–ˆâ–ˆâ–ˆâ–ˆâ–ˆâ–ˆâ–ˆâ–ˆâ–ˆ | 18/20 [05:29<00:36, 18.43s/it][AINFO:root:
Task: put the white mug on the left plate and put the yellow and white mug on the right plate
INFO:root:Starting episode 19...
INFO:root:Success: False
INFO:root:# episodes completed so far: 79
INFO:root:# successes: 1 (1.3%)

 95%|â–ˆâ–ˆâ–ˆâ–ˆâ–ˆâ–ˆâ–ˆâ–ˆâ–ˆâ–Œ| 19/20 [05:48<00:18, 18.40s/it][AINFO:root:
Task: put the white mug on the left plate and put the yellow and white mug on the right plate
INFO:root:Starting episode 20...
INFO:root:Success: False
INFO:root:# episodes completed so far: 80
INFO:root:# successes: 1 (1.2%)

100%|â–ˆâ–ˆâ–ˆâ–ˆâ–ˆâ–ˆâ–ˆâ–ˆâ–ˆâ–ˆ| 20/20 [06:06<00:00, 18.39s/it][A100%|â–ˆâ–ˆâ–ˆâ–ˆâ–ˆâ–ˆâ–ˆâ–ˆâ–ˆâ–ˆ| 20/20 [06:06<00:00, 18.33s/it]
INFO:root:Current task success rate: 0.0
INFO:root:Current total success rate: 0.0125
 50%|â–ˆâ–ˆâ–ˆâ–ˆâ–ˆ     | 5/10 [24:47<25:38, 307.62s/it]
  0%|          | 0/20 [00:00<?, ?it/s][AINFO:root:
Task: pick up the book and place it in the back compartment of the caddy
INFO:root:Starting episode 1...
INFO:root:Success: False
INFO:root:# episodes completed so far: 81
INFO:root:# successes: 1 (1.2%)

  5%|â–Œ         | 1/20 [00:17<05:39, 17.89s/it][AINFO:root:
Task: pick up the book and place it in the back compartment of the caddy
INFO:root:Starting episode 2...
INFO:root:Success: True
INFO:root:# episodes completed so far: 82
INFO:root:# successes: 2 (2.4%)

 10%|â–ˆ         | 2/20 [00:31<04:33, 15.20s/it][AINFO:root:
Task: pick up the book and place it in the back compartment of the caddy
INFO:root:Starting episode 3...
INFO:root:Success: False
INFO:root:# episodes completed so far: 83
INFO:root:# successes: 2 (2.4%)

 15%|â–ˆâ–Œ        | 3/20 [00:48<04:38, 16.37s/it][AINFO:root:
Task: pick up the book and place it in the back compartment of the caddy
INFO:root:Starting episode 4...
INFO:root:Success: True
INFO:root:# episodes completed so far: 84
INFO:root:# successes: 3 (3.6%)

 20%|â–ˆâ–ˆ        | 4/20 [01:01<03:59, 15.00s/it][AINFO:root:
Task: pick up the book and place it in the back compartment of the caddy
INFO:root:Starting episode 5...
INFO:root:Success: True
INFO:root:# episodes completed so far: 85
INFO:root:# successes: 4 (4.7%)

 25%|â–ˆâ–ˆâ–Œ       | 5/20 [01:16<03:42, 14.83s/it][AINFO:root:
Task: pick up the book and place it in the back compartment of the caddy
INFO:root:Starting episode 6...
INFO:root:Success: True
INFO:root:# episodes completed so far: 86
INFO:root:# successes: 5 (5.8%)

 30%|â–ˆâ–ˆâ–ˆ       | 6/20 [01:29<03:19, 14.26s/it][AINFO:root:
Task: pick up the book and place it in the back compartment of the caddy
INFO:root:Starting episode 7...
INFO:root:Success: True
INFO:root:# episodes completed so far: 87
INFO:root:# successes: 6 (6.9%)

 35%|â–ˆâ–ˆâ–ˆâ–Œ      | 7/20 [01:42<02:59, 13.82s/it][AINFO:root:
Task: pick up the book and place it in the back compartment of the caddy
INFO:root:Starting episode 8...
INFO:root:Success: True
INFO:root:# episodes completed so far: 88
INFO:root:# successes: 7 (8.0%)

 40%|â–ˆâ–ˆâ–ˆâ–ˆ      | 8/20 [01:55<02:42, 13.54s/it][AINFO:root:
Task: pick up the book and place it in the back compartment of the caddy
INFO:root:Starting episode 9...
INFO:root:Success: True
INFO:root:# episodes completed so far: 89
INFO:root:# successes: 8 (9.0%)

 45%|â–ˆâ–ˆâ–ˆâ–ˆâ–Œ     | 9/20 [02:09<02:32, 13.84s/it][AINFO:root:
Task: pick up the book and place it in the back compartment of the caddy
INFO:root:Starting episode 10...
INFO:root:Success: True
INFO:root:# episodes completed so far: 90
INFO:root:# successes: 9 (10.0%)

 50%|â–ˆâ–ˆâ–ˆâ–ˆâ–ˆ     | 10/20 [02:23<02:17, 13.75s/it][AINFO:root:
Task: pick up the book and place it in the back compartment of the caddy
INFO:root:Starting episode 11...
INFO:root:Success: False
INFO:root:# episodes completed so far: 91
INFO:root:# successes: 9 (9.9%)

 55%|â–ˆâ–ˆâ–ˆâ–ˆâ–ˆâ–Œ    | 11/20 [02:41<02:15, 15.02s/it][AINFO:root:
Task: pick up the book and place it in the back compartment of the caddy
INFO:root:Starting episode 12...
INFO:root:Success: True
INFO:root:# episodes completed so far: 92
INFO:root:# successes: 10 (10.9%)

 60%|â–ˆâ–ˆâ–ˆâ–ˆâ–ˆâ–ˆ    | 12/20 [02:53<01:53, 14.22s/it][AINFO:root:
Task: pick up the book and place it in the back compartment of the caddy
INFO:root:Starting episode 13...
INFO:root:Success: True
INFO:root:# episodes completed so far: 93
INFO:root:# successes: 11 (11.8%)

 65%|â–ˆâ–ˆâ–ˆâ–ˆâ–ˆâ–ˆâ–Œ   | 13/20 [03:07<01:39, 14.18s/it][AINFO:root:
Task: pick up the book and place it in the back compartment of the caddy
INFO:root:Starting episode 14...
INFO:root:Success: True
INFO:root:# episodes completed so far: 94
INFO:root:# successes: 12 (12.8%)

 70%|â–ˆâ–ˆâ–ˆâ–ˆâ–ˆâ–ˆâ–ˆ   | 14/20 [03:20<01:21, 13.61s/it][AINFO:root:
Task: pick up the book and place it in the back compartment of the caddy
INFO:root:Starting episode 15...
INFO:root:Success: False
INFO:root:# episodes completed so far: 95
INFO:root:# successes: 12 (12.6%)

 75%|â–ˆâ–ˆâ–ˆâ–ˆâ–ˆâ–ˆâ–ˆâ–Œ  | 15/20 [03:37<01:14, 14.89s/it][AINFO:root:
Task: pick up the book and place it in the back compartment of the caddy
INFO:root:Starting episode 16...
INFO:root:Success: True
INFO:root:# episodes completed so far: 96
INFO:root:# successes: 13 (13.5%)

 80%|â–ˆâ–ˆâ–ˆâ–ˆâ–ˆâ–ˆâ–ˆâ–ˆ  | 16/20 [03:50<00:56, 14.06s/it][AINFO:root:
Task: pick up the book and place it in the back compartment of the caddy
INFO:root:Starting episode 17...
INFO:root:Success: True
INFO:root:# episodes completed so far: 97
INFO:root:# successes: 14 (14.4%)

 85%|â–ˆâ–ˆâ–ˆâ–ˆâ–ˆâ–ˆâ–ˆâ–ˆâ–Œ | 17/20 [04:03<00:41, 13.79s/it][AINFO:root:
Task: pick up the book and place it in the back compartment of the caddy
INFO:root:Starting episode 18...
INFO:root:Success: True
INFO:root:# episodes completed so far: 98
INFO:root:# successes: 15 (15.3%)

 90%|â–ˆâ–ˆâ–ˆâ–ˆâ–ˆâ–ˆâ–ˆâ–ˆâ–ˆ | 18/20 [04:17<00:27, 13.90s/it][AINFO:root:
Task: pick up the book and place it in the back compartment of the caddy
INFO:root:Starting episode 19...
INFO:root:Success: True
INFO:root:# episodes completed so far: 99
INFO:root:# successes: 16 (16.2%)

 95%|â–ˆâ–ˆâ–ˆâ–ˆâ–ˆâ–ˆâ–ˆâ–ˆâ–ˆâ–Œ| 19/20 [04:29<00:13, 13.45s/it][AINFO:root:
Task: pick up the book and place it in the back compartment of the caddy
INFO:root:Starting episode 20...
INFO:root:Success: True
INFO:root:# episodes completed so far: 100
INFO:root:# successes: 17 (17.0%)

100%|â–ˆâ–ˆâ–ˆâ–ˆâ–ˆâ–ˆâ–ˆâ–ˆâ–ˆâ–ˆ| 20/20 [04:45<00:00, 14.24s/it][A100%|â–ˆâ–ˆâ–ˆâ–ˆâ–ˆâ–ˆâ–ˆâ–ˆâ–ˆâ–ˆ| 20/20 [04:45<00:00, 14.30s/it]
INFO:root:Current task success rate: 0.8
INFO:root:Current total success rate: 0.17
 60%|â–ˆâ–ˆâ–ˆâ–ˆâ–ˆâ–ˆ    | 6/10 [29:34<20:04, 301.04s/it]
  0%|          | 0/20 [00:00<?, ?it/s][AINFO:root:
Task: put the white mug on the plate and put the chocolate pudding to the right of the plate
INFO:root:Starting episode 1...
INFO:root:Success: False
INFO:root:# episodes completed so far: 101
INFO:root:# successes: 17 (16.8%)

  5%|â–Œ         | 1/20 [00:18<05:42, 18.00s/it][AINFO:root:
Task: put the white mug on the plate and put the chocolate pudding to the right of the plate
INFO:root:Starting episode 2...
INFO:root:Success: False
INFO:root:# episodes completed so far: 102
INFO:root:# successes: 17 (16.7%)

 10%|â–ˆ         | 2/20 [00:35<05:22, 17.94s/it][AINFO:root:
Task: put the white mug on the plate and put the chocolate pudding to the right of the plate
INFO:root:Starting episode 3...
INFO:root:Success: False
INFO:root:# episodes completed so far: 103
INFO:root:# successes: 17 (16.5%)

 15%|â–ˆâ–Œ        | 3/20 [00:53<05:05, 17.95s/it][AINFO:root:
Task: put the white mug on the plate and put the chocolate pudding to the right of the plate
INFO:root:Starting episode 4...
INFO:root:Success: False
INFO:root:# episodes completed so far: 104
INFO:root:# successes: 17 (16.3%)

 20%|â–ˆâ–ˆ        | 4/20 [01:11<04:47, 17.94s/it][AINFO:root:
Task: put the white mug on the plate and put the chocolate pudding to the right of the plate
INFO:root:Starting episode 5...
INFO:root:Success: False
INFO:root:# episodes completed so far: 105
INFO:root:# successes: 17 (16.2%)

 25%|â–ˆâ–ˆâ–Œ       | 5/20 [01:29<04:29, 17.94s/it][AINFO:root:
Task: put the white mug on the plate and put the chocolate pudding to the right of the plate
INFO:root:Starting episode 6...
INFO:root:Success: False
INFO:root:# episodes completed so far: 106
INFO:root:# successes: 17 (16.0%)

 30%|â–ˆâ–ˆâ–ˆ       | 6/20 [01:47<04:10, 17.92s/it][AINFO:root:
Task: put the white mug on the plate and put the chocolate pudding to the right of the plate
INFO:root:Starting episode 7...
INFO:root:Success: False
INFO:root:# episodes completed so far: 107
INFO:root:# successes: 17 (15.9%)

 35%|â–ˆâ–ˆâ–ˆâ–Œ      | 7/20 [02:05<03:53, 17.95s/it][AINFO:root:
Task: put the white mug on the plate and put the chocolate pudding to the right of the plate
INFO:root:Starting episode 8...
INFO:root:Success: False
INFO:root:# episodes completed so far: 108
INFO:root:# successes: 17 (15.7%)

 40%|â–ˆâ–ˆâ–ˆâ–ˆ      | 8/20 [02:23<03:35, 17.96s/it][AINFO:root:
Task: put the white mug on the plate and put the chocolate pudding to the right of the plate
INFO:root:Starting episode 9...
INFO:root:Success: False
INFO:root:# episodes completed so far: 109
INFO:root:# successes: 17 (15.6%)

 45%|â–ˆâ–ˆâ–ˆâ–ˆâ–Œ     | 9/20 [02:41<03:18, 18.00s/it][AINFO:root:
Task: put the white mug on the plate and put the chocolate pudding to the right of the plate
INFO:root:Starting episode 10...
INFO:root:Success: False
INFO:root:# episodes completed so far: 110
INFO:root:# successes: 17 (15.5%)

 50%|â–ˆâ–ˆâ–ˆâ–ˆâ–ˆ     | 10/20 [02:59<02:59, 18.00s/it][AINFO:root:
Task: put the white mug on the plate and put the chocolate pudding to the right of the plate
INFO:root:Starting episode 11...
INFO:root:Success: False
INFO:root:# episodes completed so far: 111
INFO:root:# successes: 17 (15.3%)

 55%|â–ˆâ–ˆâ–ˆâ–ˆâ–ˆâ–Œ    | 11/20 [03:17<02:41, 17.97s/it][AINFO:root:
Task: put the white mug on the plate and put the chocolate pudding to the right of the plate
INFO:root:Starting episode 12...
INFO:root:Success: False
INFO:root:# episodes completed so far: 112
INFO:root:# successes: 17 (15.2%)

 60%|â–ˆâ–ˆâ–ˆâ–ˆâ–ˆâ–ˆ    | 12/20 [03:35<02:23, 17.91s/it][AINFO:root:
Task: put the white mug on the plate and put the chocolate pudding to the right of the plate
INFO:root:Starting episode 13...
INFO:root:Success: False
INFO:root:# episodes completed so far: 113
INFO:root:# successes: 17 (15.0%)

 65%|â–ˆâ–ˆâ–ˆâ–ˆâ–ˆâ–ˆâ–Œ   | 13/20 [03:53<02:05, 17.90s/it][AINFO:root:
Task: put the white mug on the plate and put the chocolate pudding to the right of the plate
INFO:root:Starting episode 14...
INFO:root:Success: False
INFO:root:# episodes completed so far: 114
INFO:root:# successes: 17 (14.9%)

 70%|â–ˆâ–ˆâ–ˆâ–ˆâ–ˆâ–ˆâ–ˆ   | 14/20 [04:11<01:47, 17.90s/it][AINFO:root:
Task: put the white mug on the plate and put the chocolate pudding to the right of the plate
INFO:root:Starting episode 15...
INFO:root:Success: False
INFO:root:# episodes completed so far: 115
INFO:root:# successes: 17 (14.8%)

 75%|â–ˆâ–ˆâ–ˆâ–ˆâ–ˆâ–ˆâ–ˆâ–Œ  | 15/20 [04:29<01:29, 17.92s/it][AINFO:root:
Task: put the white mug on the plate and put the chocolate pudding to the right of the plate
INFO:root:Starting episode 16...
INFO:root:Success: False
INFO:root:# episodes completed so far: 116
INFO:root:# successes: 17 (14.7%)

 80%|â–ˆâ–ˆâ–ˆâ–ˆâ–ˆâ–ˆâ–ˆâ–ˆ  | 16/20 [04:46<01:11, 17.89s/it][AINFO:root:
Task: put the white mug on the plate and put the chocolate pudding to the right of the plate
INFO:root:Starting episode 17...
INFO:root:Success: False
INFO:root:# episodes completed so far: 117
INFO:root:# successes: 17 (14.5%)

 85%|â–ˆâ–ˆâ–ˆâ–ˆâ–ˆâ–ˆâ–ˆâ–ˆâ–Œ | 17/20 [05:04<00:53, 17.88s/it][AINFO:root:
Task: put the white mug on the plate and put the chocolate pudding to the right of the plate
INFO:root:Starting episode 18...
INFO:root:Success: False
INFO:root:# episodes completed so far: 118
INFO:root:# successes: 17 (14.4%)

 90%|â–ˆâ–ˆâ–ˆâ–ˆâ–ˆâ–ˆâ–ˆâ–ˆâ–ˆ | 18/20 [05:22<00:35, 17.86s/it][AINFO:root:
Task: put the white mug on the plate and put the chocolate pudding to the right of the plate
INFO:root:Starting episode 19...
INFO:root:Success: False
INFO:root:# episodes completed so far: 119
INFO:root:# successes: 17 (14.3%)

 95%|â–ˆâ–ˆâ–ˆâ–ˆâ–ˆâ–ˆâ–ˆâ–ˆâ–ˆâ–Œ| 19/20 [05:40<00:17, 17.88s/it][AINFO:root:
Task: put the white mug on the plate and put the chocolate pudding to the right of the plate
INFO:root:Starting episode 20...
INFO:root:Success: False
INFO:root:# episodes completed so far: 120
INFO:root:# successes: 17 (14.2%)

100%|â–ˆâ–ˆâ–ˆâ–ˆâ–ˆâ–ˆâ–ˆâ–ˆâ–ˆâ–ˆ| 20/20 [05:58<00:00, 17.89s/it][A100%|â–ˆâ–ˆâ–ˆâ–ˆâ–ˆâ–ˆâ–ˆâ–ˆâ–ˆâ–ˆ| 20/20 [05:58<00:00, 17.92s/it]
INFO:root:Current task success rate: 0.0
INFO:root:Current total success rate: 0.14166666666666666
 70%|â–ˆâ–ˆâ–ˆâ–ˆâ–ˆâ–ˆâ–ˆ   | 7/10 [35:33<15:58, 319.39s/it]
  0%|          | 0/20 [00:00<?, ?it/s][AINFO:root:
Task: put both the alphabet soup and the cream cheese box in the basket
INFO:root:Starting episode 1...
INFO:root:Success: False
INFO:root:# episodes completed so far: 121
INFO:root:# successes: 17 (14.0%)

  5%|â–Œ         | 1/20 [00:17<05:39, 17.84s/it][AINFO:root:
Task: put both the alphabet soup and the cream cheese box in the basket
INFO:root:Starting episode 2...
INFO:root:Success: False
INFO:root:# episodes completed so far: 122
INFO:root:# successes: 17 (13.9%)

 10%|â–ˆ         | 2/20 [00:35<05:20, 17.82s/it][AINFO:root:
Task: put both the alphabet soup and the cream cheese box in the basket
INFO:root:Starting episode 3...
INFO:root:Success: False
INFO:root:# episodes completed so far: 123
INFO:root:# successes: 17 (13.8%)

 15%|â–ˆâ–Œ        | 3/20 [00:53<05:02, 17.81s/it][AINFO:root:
Task: put both the alphabet soup and the cream cheese box in the basket
INFO:root:Starting episode 4...
INFO:root:Success: False
INFO:root:# episodes completed so far: 124
INFO:root:# successes: 17 (13.7%)

 20%|â–ˆâ–ˆ        | 4/20 [01:11<04:45, 17.82s/it][AINFO:root:
Task: put both the alphabet soup and the cream cheese box in the basket
INFO:root:Starting episode 5...
INFO:root:Success: False
INFO:root:# episodes completed so far: 125
INFO:root:# successes: 17 (13.6%)

 25%|â–ˆâ–ˆâ–Œ       | 5/20 [01:29<04:27, 17.80s/it][AINFO:root:
Task: put both the alphabet soup and the cream cheese box in the basket
INFO:root:Starting episode 6...
INFO:root:Success: False
INFO:root:# episodes completed so far: 126
INFO:root:# successes: 17 (13.5%)

 30%|â–ˆâ–ˆâ–ˆ       | 6/20 [01:46<04:09, 17.81s/it][AINFO:root:
Task: put both the alphabet soup and the cream cheese box in the basket
INFO:root:Starting episode 7...
INFO:root:Success: False
INFO:root:# episodes completed so far: 127
INFO:root:# successes: 17 (13.4%)

 35%|â–ˆâ–ˆâ–ˆâ–Œ      | 7/20 [02:04<03:52, 17.86s/it][AINFO:root:
Task: put both the alphabet soup and the cream cheese box in the basket
INFO:root:Starting episode 8...
INFO:root:Success: False
INFO:root:# episodes completed so far: 128
INFO:root:# successes: 17 (13.3%)

 40%|â–ˆâ–ˆâ–ˆâ–ˆ      | 8/20 [02:22<03:34, 17.85s/it][AINFO:root:
Task: put both the alphabet soup and the cream cheese box in the basket
INFO:root:Starting episode 9...
INFO:root:Success: False
INFO:root:# episodes completed so far: 129
INFO:root:# successes: 17 (13.2%)

 45%|â–ˆâ–ˆâ–ˆâ–ˆâ–Œ     | 9/20 [02:40<03:16, 17.85s/it][AINFO:root:
Task: put both the alphabet soup and the cream cheese box in the basket
INFO:root:Starting episode 10...
INFO:root:Success: False
INFO:root:# episodes completed so far: 130
INFO:root:# successes: 17 (13.1%)

 50%|â–ˆâ–ˆâ–ˆâ–ˆâ–ˆ     | 10/20 [02:58<02:58, 17.85s/it][AINFO:root:
Task: put both the alphabet soup and the cream cheese box in the basket
INFO:root:Starting episode 11...
INFO:root:Success: False
INFO:root:# episodes completed so far: 131
INFO:root:# successes: 17 (13.0%)

 55%|â–ˆâ–ˆâ–ˆâ–ˆâ–ˆâ–Œ    | 11/20 [03:16<02:40, 17.85s/it][AINFO:root:
Task: put both the alphabet soup and the cream cheese box in the basket
INFO:root:Starting episode 12...
INFO:root:Success: False
INFO:root:# episodes completed so far: 132
INFO:root:# successes: 17 (12.9%)

 60%|â–ˆâ–ˆâ–ˆâ–ˆâ–ˆâ–ˆ    | 12/20 [03:34<02:22, 17.85s/it][AINFO:root:
Task: put both the alphabet soup and the cream cheese box in the basket
INFO:root:Starting episode 13...
INFO:root:Success: False
INFO:root:# episodes completed so far: 133
INFO:root:# successes: 17 (12.8%)

 65%|â–ˆâ–ˆâ–ˆâ–ˆâ–ˆâ–ˆâ–Œ   | 13/20 [03:51<02:04, 17.85s/it][AINFO:root:
Task: put both the alphabet soup and the cream cheese box in the basket
INFO:root:Starting episode 14...
INFO:root:Success: False
INFO:root:# episodes completed so far: 134
INFO:root:# successes: 17 (12.7%)

 70%|â–ˆâ–ˆâ–ˆâ–ˆâ–ˆâ–ˆâ–ˆ   | 14/20 [04:09<01:46, 17.81s/it][AINFO:root:
Task: put both the alphabet soup and the cream cheese box in the basket
INFO:root:Starting episode 15...
INFO:root:Success: False
INFO:root:# episodes completed so far: 135
INFO:root:# successes: 17 (12.6%)

 75%|â–ˆâ–ˆâ–ˆâ–ˆâ–ˆâ–ˆâ–ˆâ–Œ  | 15/20 [04:27<01:29, 17.82s/it][AINFO:root:
Task: put both the alphabet soup and the cream cheese box in the basket
INFO:root:Starting episode 16...
INFO:root:Success: False
INFO:root:# episodes completed so far: 136
INFO:root:# successes: 17 (12.5%)

 80%|â–ˆâ–ˆâ–ˆâ–ˆâ–ˆâ–ˆâ–ˆâ–ˆ  | 16/20 [04:45<01:11, 17.81s/it][AINFO:root:
Task: put both the alphabet soup and the cream cheese box in the basket
INFO:root:Starting episode 17...
INFO:root:Success: False
INFO:root:# episodes completed so far: 137
INFO:root:# successes: 17 (12.4%)

 85%|â–ˆâ–ˆâ–ˆâ–ˆâ–ˆâ–ˆâ–ˆâ–ˆâ–Œ | 17/20 [05:03<00:53, 17.81s/it][AINFO:root:
Task: put both the alphabet soup and the cream cheese box in the basket
INFO:root:Starting episode 18...
INFO:root:Success: False
INFO:root:# episodes completed so far: 138
INFO:root:# successes: 17 (12.3%)

 90%|â–ˆâ–ˆâ–ˆâ–ˆâ–ˆâ–ˆâ–ˆâ–ˆâ–ˆ | 18/20 [05:20<00:35, 17.84s/it][AINFO:root:
Task: put both the alphabet soup and the cream cheese box in the basket
INFO:root:Starting episode 19...
INFO:root:Success: False
INFO:root:# episodes completed so far: 139
INFO:root:# successes: 17 (12.2%)

 95%|â–ˆâ–ˆâ–ˆâ–ˆâ–ˆâ–ˆâ–ˆâ–ˆâ–ˆâ–Œ| 19/20 [05:38<00:17, 17.82s/it][AINFO:root:
Task: put both the alphabet soup and the cream cheese box in the basket
INFO:root:Starting episode 20...
INFO:root:Success: False
INFO:root:# episodes completed so far: 140
INFO:root:# successes: 17 (12.1%)

100%|â–ˆâ–ˆâ–ˆâ–ˆâ–ˆâ–ˆâ–ˆâ–ˆâ–ˆâ–ˆ| 20/20 [05:56<00:00, 17.83s/it][A100%|â–ˆâ–ˆâ–ˆâ–ˆâ–ˆâ–ˆâ–ˆâ–ˆâ–ˆâ–ˆ| 20/20 [05:56<00:00, 17.83s/it]
INFO:root:Current task success rate: 0.0
INFO:root:Current total success rate: 0.12142857142857143
 80%|â–ˆâ–ˆâ–ˆâ–ˆâ–ˆâ–ˆâ–ˆâ–ˆ  | 8/10 [41:31<11:02, 331.19s/it]
  0%|          | 0/20 [00:00<?, ?it/s][AINFO:root:
Task: put both moka pots on the stove
INFO:root:Starting episode 1...
INFO:root:Success: False
INFO:root:# episodes completed so far: 141
INFO:root:# successes: 17 (12.1%)

  5%|â–Œ         | 1/20 [00:17<05:33, 17.57s/it][AINFO:root:
Task: put both moka pots on the stove
INFO:root:Starting episode 2...
INFO:root:Success: False
INFO:root:# episodes completed so far: 142
INFO:root:# successes: 17 (12.0%)

 10%|â–ˆ         | 2/20 [00:35<05:16, 17.57s/it][AINFO:root:
Task: put both moka pots on the stove
INFO:root:Starting episode 3...
INFO:root:Success: False
INFO:root:# episodes completed so far: 143
INFO:root:# successes: 17 (11.9%)

 15%|â–ˆâ–Œ        | 3/20 [00:52<04:57, 17.52s/it][AINFO:root:
Task: put both moka pots on the stove
INFO:root:Starting episode 4...
INFO:root:Success: False
INFO:root:# episodes completed so far: 144
INFO:root:# successes: 17 (11.8%)

 20%|â–ˆâ–ˆ        | 4/20 [01:10<04:40, 17.52s/it][AINFO:root:
Task: put both moka pots on the stove
INFO:root:Starting episode 5...
INFO:root:Success: False
INFO:root:# episodes completed so far: 145
INFO:root:# successes: 17 (11.7%)

 25%|â–ˆâ–ˆâ–Œ       | 5/20 [01:27<04:22, 17.50s/it][AINFO:root:
Task: put both moka pots on the stove
INFO:root:Starting episode 6...
INFO:root:Success: False
INFO:root:# episodes completed so far: 146
INFO:root:# successes: 17 (11.6%)

 30%|â–ˆâ–ˆâ–ˆ       | 6/20 [01:45<04:05, 17.55s/it][AINFO:root:
Task: put both moka pots on the stove
INFO:root:Starting episode 7...
INFO:root:Success: False
INFO:root:# episodes completed so far: 147
INFO:root:# successes: 17 (11.6%)

 35%|â–ˆâ–ˆâ–ˆâ–Œ      | 7/20 [02:02<03:48, 17.55s/it][AINFO:root:
Task: put both moka pots on the stove
INFO:root:Starting episode 8...
INFO:root:Success: False
INFO:root:# episodes completed so far: 148
INFO:root:# successes: 17 (11.5%)

 40%|â–ˆâ–ˆâ–ˆâ–ˆ      | 8/20 [02:20<03:30, 17.57s/it][AINFO:root:
Task: put both moka pots on the stove
INFO:root:Starting episode 9...
INFO:root:Success: False
INFO:root:# episodes completed so far: 149
INFO:root:# successes: 17 (11.4%)

 45%|â–ˆâ–ˆâ–ˆâ–ˆâ–Œ     | 9/20 [02:37<03:13, 17.55s/it][AINFO:root:
Task: put both moka pots on the stove
INFO:root:Starting episode 10...
INFO:root:Success: False
INFO:root:# episodes completed so far: 150
INFO:root:# successes: 17 (11.3%)

 50%|â–ˆâ–ˆâ–ˆâ–ˆâ–ˆ     | 10/20 [02:55<02:55, 17.59s/it][AINFO:root:
Task: put both moka pots on the stove
INFO:root:Starting episode 11...
INFO:root:Success: False
INFO:root:# episodes completed so far: 151
INFO:root:# successes: 17 (11.3%)

 55%|â–ˆâ–ˆâ–ˆâ–ˆâ–ˆâ–Œ    | 11/20 [03:13<02:38, 17.57s/it][AINFO:root:
Task: put both moka pots on the stove
INFO:root:Starting episode 12...
INFO:root:Success: False
INFO:root:# episodes completed so far: 152
INFO:root:# successes: 17 (11.2%)

 60%|â–ˆâ–ˆâ–ˆâ–ˆâ–ˆâ–ˆ    | 12/20 [03:30<02:20, 17.57s/it][AINFO:root:
Task: put both moka pots on the stove
INFO:root:Starting episode 13...
INFO:root:Success: False
INFO:root:# episodes completed so far: 153
INFO:root:# successes: 17 (11.1%)

 65%|â–ˆâ–ˆâ–ˆâ–ˆâ–ˆâ–ˆâ–Œ   | 13/20 [03:48<02:02, 17.55s/it][AINFO:root:
Task: put both moka pots on the stove
INFO:root:Starting episode 14...
INFO:root:Success: False
INFO:root:# episodes completed so far: 154
INFO:root:# successes: 17 (11.0%)

 70%|â–ˆâ–ˆâ–ˆâ–ˆâ–ˆâ–ˆâ–ˆ   | 14/20 [04:05<01:45, 17.55s/it][AINFO:root:
Task: put both moka pots on the stove
INFO:root:Starting episode 15...
INFO:root:Success: False
INFO:root:# episodes completed so far: 155
INFO:root:# successes: 17 (11.0%)

 75%|â–ˆâ–ˆâ–ˆâ–ˆâ–ˆâ–ˆâ–ˆâ–Œ  | 15/20 [04:23<01:27, 17.57s/it][AINFO:root:
Task: put both moka pots on the stove
INFO:root:Starting episode 16...
INFO:root:Success: False
INFO:root:# episodes completed so far: 156
INFO:root:# successes: 17 (10.9%)

 80%|â–ˆâ–ˆâ–ˆâ–ˆâ–ˆâ–ˆâ–ˆâ–ˆ  | 16/20 [04:40<01:10, 17.56s/it][AINFO:root:
Task: put both moka pots on the stove
INFO:root:Starting episode 17...
INFO:root:Success: False
INFO:root:# episodes completed so far: 157
INFO:root:# successes: 17 (10.8%)

 85%|â–ˆâ–ˆâ–ˆâ–ˆâ–ˆâ–ˆâ–ˆâ–ˆâ–Œ | 17/20 [04:58<00:52, 17.55s/it][AINFO:root:
Task: put both moka pots on the stove
INFO:root:Starting episode 18...
INFO:root:Success: False
INFO:root:# episodes completed so far: 158
INFO:root:# successes: 17 (10.8%)

 90%|â–ˆâ–ˆâ–ˆâ–ˆâ–ˆâ–ˆâ–ˆâ–ˆâ–ˆ | 18/20 [05:16<00:35, 17.57s/it][AINFO:root:
Task: put both moka pots on the stove
INFO:root:Starting episode 19...
INFO:root:Success: False
INFO:root:# episodes completed so far: 159
INFO:root:# successes: 17 (10.7%)

 95%|â–ˆâ–ˆâ–ˆâ–ˆâ–ˆâ–ˆâ–ˆâ–ˆâ–ˆâ–Œ| 19/20 [05:33<00:17, 17.55s/it][AINFO:root:
Task: put both moka pots on the stove
INFO:root:Starting episode 20...
INFO:root:Success: False
INFO:root:# episodes completed so far: 160
INFO:root:# successes: 17 (10.6%)

100%|â–ˆâ–ˆâ–ˆâ–ˆâ–ˆâ–ˆâ–ˆâ–ˆâ–ˆâ–ˆ| 20/20 [05:51<00:00, 17.54s/it][A100%|â–ˆâ–ˆâ–ˆâ–ˆâ–ˆâ–ˆâ–ˆâ–ˆâ–ˆâ–ˆ| 20/20 [05:51<00:00, 17.55s/it]
INFO:root:Current task success rate: 0.0
INFO:root:Current total success rate: 0.10625
 90%|â–ˆâ–ˆâ–ˆâ–ˆâ–ˆâ–ˆâ–ˆâ–ˆâ–ˆ | 9/10 [47:22<05:37, 337.44s/it]
  0%|          | 0/20 [00:00<?, ?it/s][AINFO:root:
Task: put the yellow and white mug in the microwave and close it
INFO:root:Starting episode 1...
INFO:root:Success: False
INFO:root:# episodes completed so far: 161
INFO:root:# successes: 17 (10.6%)

  5%|â–Œ         | 1/20 [00:17<05:35, 17.64s/it][AINFO:root:
Task: put the yellow and white mug in the microwave and close it
INFO:root:Starting episode 2...
INFO:root:Success: False
INFO:root:# episodes completed so far: 162
INFO:root:# successes: 17 (10.5%)

 10%|â–ˆ         | 2/20 [00:35<05:17, 17.65s/it][AINFO:root:
Task: put the yellow and white mug in the microwave and close it
INFO:root:Starting episode 3...
INFO:root:Success: False
INFO:root:# episodes completed so far: 163
INFO:root:# successes: 17 (10.4%)

 15%|â–ˆâ–Œ        | 3/20 [00:53<05:00, 17.69s/it][AINFO:root:
Task: put the yellow and white mug in the microwave and close it
INFO:root:Starting episode 4...
INFO:root:Success: False
INFO:root:# episodes completed so far: 164
INFO:root:# successes: 17 (10.4%)

 20%|â–ˆâ–ˆ        | 4/20 [01:10<04:43, 17.69s/it][AINFO:root:
Task: put the yellow and white mug in the microwave and close it
INFO:root:Starting episode 5...
INFO:root:Success: False
INFO:root:# episodes completed so far: 165
INFO:root:# successes: 17 (10.3%)

 25%|â–ˆâ–ˆâ–Œ       | 5/20 [01:28<04:24, 17.65s/it][AINFO:root:
Task: put the yellow and white mug in the microwave and close it
INFO:root:Starting episode 6...
INFO:root:Success: False
INFO:root:# episodes completed so far: 166
INFO:root:# successes: 17 (10.2%)

 30%|â–ˆâ–ˆâ–ˆ       | 6/20 [01:46<04:07, 17.70s/it][AINFO:root:
Task: put the yellow and white mug in the microwave and close it
INFO:root:Starting episode 7...
INFO:root:Success: False
INFO:root:# episodes completed so far: 167
INFO:root:# successes: 17 (10.2%)

 35%|â–ˆâ–ˆâ–ˆâ–Œ      | 7/20 [02:03<03:49, 17.69s/it][AINFO:root:
Task: put the yellow and white mug in the microwave and close it
INFO:root:Starting episode 8...
INFO:root:Success: False
INFO:root:# episodes completed so far: 168
INFO:root:# successes: 17 (10.1%)

 40%|â–ˆâ–ˆâ–ˆâ–ˆ      | 8/20 [02:21<03:31, 17.65s/it][AINFO:root:
Task: put the yellow and white mug in the microwave and close it
INFO:root:Starting episode 9...
INFO:root:Success: False
INFO:root:# episodes completed so far: 169
INFO:root:# successes: 17 (10.1%)

 45%|â–ˆâ–ˆâ–ˆâ–ˆâ–Œ     | 9/20 [02:38<03:14, 17.64s/it][AINFO:root:
Task: put the yellow and white mug in the microwave and close it
INFO:root:Starting episode 10...
INFO:root:Success: False
INFO:root:# episodes completed so far: 170
INFO:root:# successes: 17 (10.0%)

 50%|â–ˆâ–ˆâ–ˆâ–ˆâ–ˆ     | 10/20 [02:56<02:56, 17.64s/it][AINFO:root:
Task: put the yellow and white mug in the microwave and close it
INFO:root:Starting episode 11...
INFO:root:Success: False
INFO:root:# episodes completed so far: 171
INFO:root:# successes: 17 (9.9%)

 55%|â–ˆâ–ˆâ–ˆâ–ˆâ–ˆâ–Œ    | 11/20 [03:14<02:38, 17.64s/it][AINFO:root:
Task: put the yellow and white mug in the microwave and close it
INFO:root:Starting episode 12...
INFO:root:Success: False
INFO:root:# episodes completed so far: 172
INFO:root:# successes: 17 (9.9%)

 60%|â–ˆâ–ˆâ–ˆâ–ˆâ–ˆâ–ˆ    | 12/20 [03:31<02:21, 17.67s/it][AINFO:root:
Task: put the yellow and white mug in the microwave and close it
INFO:root:Starting episode 13...
INFO:root:Success: False
INFO:root:# episodes completed so far: 173
INFO:root:# successes: 17 (9.8%)

 65%|â–ˆâ–ˆâ–ˆâ–ˆâ–ˆâ–ˆâ–Œ   | 13/20 [03:49<02:03, 17.70s/it][AINFO:root:
Task: put the yellow and white mug in the microwave and close it
INFO:root:Starting episode 14...
INFO:root:Success: False
INFO:root:# episodes completed so far: 174
INFO:root:# successes: 17 (9.8%)

 70%|â–ˆâ–ˆâ–ˆâ–ˆâ–ˆâ–ˆâ–ˆ   | 14/20 [04:07<01:46, 17.69s/it][AINFO:root:
Task: put the yellow and white mug in the microwave and close it
INFO:root:Starting episode 15...
INFO:root:Success: False
INFO:root:# episodes completed so far: 175
INFO:root:# successes: 17 (9.7%)

 75%|â–ˆâ–ˆâ–ˆâ–ˆâ–ˆâ–ˆâ–ˆâ–Œ  | 15/20 [04:25<01:28, 17.70s/it][AINFO:root:
Task: put the yellow and white mug in the microwave and close it
INFO:root:Starting episode 16...
INFO:root:Success: False
INFO:root:# episodes completed so far: 176
INFO:root:# successes: 17 (9.7%)

 80%|â–ˆâ–ˆâ–ˆâ–ˆâ–ˆâ–ˆâ–ˆâ–ˆ  | 16/20 [04:42<01:10, 17.72s/it][AINFO:root:
Task: put the yellow and white mug in the microwave and close it
INFO:root:Starting episode 17...
INFO:root:Success: False
INFO:root:# episodes completed so far: 177
INFO:root:# successes: 17 (9.6%)

 85%|â–ˆâ–ˆâ–ˆâ–ˆâ–ˆâ–ˆâ–ˆâ–ˆâ–Œ | 17/20 [05:00<00:53, 17.67s/it][AINFO:root:
Task: put the yellow and white mug in the microwave and close it
INFO:root:Starting episode 18...
INFO:root:Success: False
INFO:root:# episodes completed so far: 178
INFO:root:# successes: 17 (9.6%)

 90%|â–ˆâ–ˆâ–ˆâ–ˆâ–ˆâ–ˆâ–ˆâ–ˆâ–ˆ | 18/20 [05:18<00:35, 17.67s/it][AINFO:root:
Task: put the yellow and white mug in the microwave and close it
INFO:root:Starting episode 19...
INFO:root:Success: False
INFO:root:# episodes completed so far: 179
INFO:root:# successes: 17 (9.5%)

 95%|â–ˆâ–ˆâ–ˆâ–ˆâ–ˆâ–ˆâ–ˆâ–ˆâ–ˆâ–Œ| 19/20 [05:35<00:17, 17.64s/it][AINFO:root:
Task: put the yellow and white mug in the microwave and close it
INFO:root:Starting episode 20...
INFO:root:Success: False
INFO:root:# episodes completed so far: 180
INFO:root:# successes: 17 (9.4%)

100%|â–ˆâ–ˆâ–ˆâ–ˆâ–ˆâ–ˆâ–ˆâ–ˆâ–ˆâ–ˆ| 20/20 [05:53<00:00, 17.65s/it][A100%|â–ˆâ–ˆâ–ˆâ–ˆâ–ˆâ–ˆâ–ˆâ–ˆâ–ˆâ–ˆ| 20/20 [05:53<00:00, 17.67s/it]
INFO:root:Current task success rate: 0.0
INFO:root:Current total success rate: 0.09444444444444444
100%|â–ˆâ–ˆâ–ˆâ–ˆâ–ˆâ–ˆâ–ˆâ–ˆâ–ˆâ–ˆ| 10/10 [53:16<00:00, 342.51s/it]100%|â–ˆâ–ˆâ–ˆâ–ˆâ–ˆâ–ˆâ–ˆâ–ˆâ–ˆâ–ˆ| 10/10 [53:16<00:00, 319.67s/it]
INFO:root:Total success rate: 0.09444444444444444
INFO:root:Total episodes: 180
INFO:root:Results saved to: data/libero/20251029_015914_rtcTrue_lat150.0_hrzn10/horizon_10/results.csv
INFO:root:Summary results saved to: data/libero/20251029_015914_rtcTrue_lat150.0_hrzn10/horizon_10/results_summary.csv
ERROR:websockets.server:opening handshake failed
Traceback (most recent call last):
  File "/coc/flash8/rbansal66/openpi_rollout/openpi/.venv/lib/python3.11/site-packages/websockets/server.py", line 545, in parse
    request = yield from Request.parse(
              ^^^^^^^^^^^^^^^^^^^^^^^^^
  File "/coc/flash8/rbansal66/openpi_rollout/openpi/.venv/lib/python3.11/site-packages/websockets/http11.py", line 151, in parse
    raise ValueError(f"unsupported HTTP method; expected GET; got {d(method)}")
ValueError: unsupported HTTP method; expected GET; got HEAD

The above exception was the direct cause of the following exception:

Traceback (most recent call last):
  File "/coc/flash8/rbansal66/openpi_rollout/openpi/.venv/lib/python3.11/site-packages/websockets/asyncio/server.py", line 356, in conn_handler
    await connection.handshake(
  File "/coc/flash8/rbansal66/openpi_rollout/openpi/.venv/lib/python3.11/site-packages/websockets/asyncio/server.py", line 207, in handshake
    raise self.protocol.handshake_exc
websockets.exceptions.InvalidMessage: did not receive a valid HTTP request
ERROR:websockets.server:opening handshake failed
Traceback (most recent call last):
  File "/coc/flash8/rbansal66/openpi_rollout/openpi/.venv/lib/python3.11/site-packages/websockets/server.py", line 545, in parse
    request = yield from Request.parse(
              ^^^^^^^^^^^^^^^^^^^^^^^^^
  File "/coc/flash8/rbansal66/openpi_rollout/openpi/.venv/lib/python3.11/site-packages/websockets/http11.py", line 151, in parse
    raise ValueError(f"unsupported HTTP method; expected GET; got {d(method)}")
ValueError: unsupported HTTP method; expected GET; got HEAD

The above exception was the direct cause of the following exception:

Traceback (most recent call last):
  File "/coc/flash8/rbansal66/openpi_rollout/openpi/.venv/lib/python3.11/site-packages/websockets/asyncio/server.py", line 356, in conn_handler
    await connection.handshake(
  File "/coc/flash8/rbansal66/openpi_rollout/openpi/.venv/lib/python3.11/site-packages/websockets/asyncio/server.py", line 207, in handshake
    raise self.protocol.handshake_exc
websockets.exceptions.InvalidMessage: did not receive a valid HTTP request
ERROR:websockets.server:opening handshake failed
Traceback (most recent call last):
  File "/coc/flash8/rbansal66/openpi_rollout/openpi/.venv/lib/python3.11/site-packages/websockets/server.py", line 545, in parse
    request = yield from Request.parse(
              ^^^^^^^^^^^^^^^^^^^^^^^^^
  File "/coc/flash8/rbansal66/openpi_rollout/openpi/.venv/lib/python3.11/site-packages/websockets/http11.py", line 151, in parse
    raise ValueError(f"unsupported HTTP method; expected GET; got {d(method)}")
ValueError: unsupported HTTP method; expected GET; got HEAD

The above exception was the direct cause of the following exception:

Traceback (most recent call last):
  File "/coc/flash8/rbansal66/openpi_rollout/openpi/.venv/lib/python3.11/site-packages/websockets/asyncio/server.py", line 356, in conn_handler
    await connection.handshake(
  File "/coc/flash8/rbansal66/openpi_rollout/openpi/.venv/lib/python3.11/site-packages/websockets/asyncio/server.py", line 207, in handshake
    raise self.protocol.handshake_exc
websockets.exceptions.InvalidMessage: did not receive a valid HTTP request
ERROR:websockets.server:opening handshake failed
Traceback (most recent call last):
  File "/coc/flash8/rbansal66/openpi_rollout/openpi/.venv/lib/python3.11/site-packages/websockets/server.py", line 545, in parse
    request = yield from Request.parse(
              ^^^^^^^^^^^^^^^^^^^^^^^^^
  File "/coc/flash8/rbansal66/openpi_rollout/openpi/.venv/lib/python3.11/site-packages/websockets/http11.py", line 151, in parse
    raise ValueError(f"unsupported HTTP method; expected GET; got {d(method)}")
ValueError: unsupported HTTP method; expected GET; got HEAD

The above exception was the direct cause of the following exception:

Traceback (most recent call last):
  File "/coc/flash8/rbansal66/openpi_rollout/openpi/.venv/lib/python3.11/site-packages/websockets/asyncio/server.py", line 356, in conn_handler
    await connection.handshake(
  File "/coc/flash8/rbansal66/openpi_rollout/openpi/.venv/lib/python3.11/site-packages/websockets/asyncio/server.py", line 207, in handshake
    raise self.protocol.handshake_exc
websockets.exceptions.InvalidMessage: did not receive a valid HTTP request
ERROR:websockets.server:opening handshake failed
Traceback (most recent call last):
  File "/coc/flash8/rbansal66/openpi_rollout/openpi/.venv/lib/python3.11/site-packages/websockets/server.py", line 545, in parse
    request = yield from Request.parse(
              ^^^^^^^^^^^^^^^^^^^^^^^^^
  File "/coc/flash8/rbansal66/openpi_rollout/openpi/.venv/lib/python3.11/site-packages/websockets/http11.py", line 151, in parse
    raise ValueError(f"unsupported HTTP method; expected GET; got {d(method)}")
ValueError: unsupported HTTP method; expected GET; got HEAD

The above exception was the direct cause of the following exception:

Traceback (most recent call last):
  File "/coc/flash8/rbansal66/openpi_rollout/openpi/.venv/lib/python3.11/site-packages/websockets/asyncio/server.py", line 356, in conn_handler
    await connection.handshake(
  File "/coc/flash8/rbansal66/openpi_rollout/openpi/.venv/lib/python3.11/site-packages/websockets/asyncio/server.py", line 207, in handshake
    raise self.protocol.handshake_exc
websockets.exceptions.InvalidMessage: did not receive a valid HTTP request
ERROR:websockets.server:opening handshake failed
Traceback (most recent call last):
  File "/coc/flash8/rbansal66/openpi_rollout/openpi/.venv/lib/python3.11/site-packages/websockets/server.py", line 545, in parse
    request = yield from Request.parse(
              ^^^^^^^^^^^^^^^^^^^^^^^^^
  File "/coc/flash8/rbansal66/openpi_rollout/openpi/.venv/lib/python3.11/site-packages/websockets/http11.py", line 151, in parse
    raise ValueError(f"unsupported HTTP method; expected GET; got {d(method)}")
ValueError: unsupported HTTP method; expected GET; got HEAD

The above exception was the direct cause of the following exception:

Traceback (most recent call last):
  File "/coc/flash8/rbansal66/openpi_rollout/openpi/.venv/lib/python3.11/site-packages/websockets/asyncio/server.py", line 356, in conn_handler
    await connection.handshake(
  File "/coc/flash8/rbansal66/openpi_rollout/openpi/.venv/lib/python3.11/site-packages/websockets/asyncio/server.py", line 207, in handshake
    raise self.protocol.handshake_exc
websockets.exceptions.InvalidMessage: did not receive a valid HTTP request
ERROR:websockets.server:opening handshake failed
Traceback (most recent call last):
  File "/coc/flash8/rbansal66/openpi_rollout/openpi/.venv/lib/python3.11/site-packages/websockets/server.py", line 545, in parse
    request = yield from Request.parse(
              ^^^^^^^^^^^^^^^^^^^^^^^^^
  File "/coc/flash8/rbansal66/openpi_rollout/openpi/.venv/lib/python3.11/site-packages/websockets/http11.py", line 151, in parse
    raise ValueError(f"unsupported HTTP method; expected GET; got {d(method)}")
ValueError: unsupported HTTP method; expected GET; got HEAD

The above exception was the direct cause of the following exception:

Traceback (most recent call last):
  File "/coc/flash8/rbansal66/openpi_rollout/openpi/.venv/lib/python3.11/site-packages/websockets/asyncio/server.py", line 356, in conn_handler
    await connection.handshake(
  File "/coc/flash8/rbansal66/openpi_rollout/openpi/.venv/lib/python3.11/site-packages/websockets/asyncio/server.py", line 207, in handshake
    raise self.protocol.handshake_exc
websockets.exceptions.InvalidMessage: did not receive a valid HTTP request
ERROR:websockets.server:opening handshake failed
Traceback (most recent call last):
  File "/coc/flash8/rbansal66/openpi_rollout/openpi/.venv/lib/python3.11/site-packages/websockets/server.py", line 545, in parse
    request = yield from Request.parse(
              ^^^^^^^^^^^^^^^^^^^^^^^^^
  File "/coc/flash8/rbansal66/openpi_rollout/openpi/.venv/lib/python3.11/site-packages/websockets/http11.py", line 151, in parse
    raise ValueError(f"unsupported HTTP method; expected GET; got {d(method)}")
ValueError: unsupported HTTP method; expected GET; got HEAD

The above exception was the direct cause of the following exception:

Traceback (most recent call last):
  File "/coc/flash8/rbansal66/openpi_rollout/openpi/.venv/lib/python3.11/site-packages/websockets/asyncio/server.py", line 356, in conn_handler
    await connection.handshake(
  File "/coc/flash8/rbansal66/openpi_rollout/openpi/.venv/lib/python3.11/site-packages/websockets/asyncio/server.py", line 207, in handshake
    raise self.protocol.handshake_exc
websockets.exceptions.InvalidMessage: did not receive a valid HTTP request
ERROR:websockets.server:opening handshake failed
Traceback (most recent call last):
  File "/coc/flash8/rbansal66/openpi_rollout/openpi/.venv/lib/python3.11/site-packages/websockets/server.py", line 545, in parse
    request = yield from Request.parse(
              ^^^^^^^^^^^^^^^^^^^^^^^^^
  File "/coc/flash8/rbansal66/openpi_rollout/openpi/.venv/lib/python3.11/site-packages/websockets/http11.py", line 151, in parse
    raise ValueError(f"unsupported HTTP method; expected GET; got {d(method)}")
ValueError: unsupported HTTP method; expected GET; got HEAD

The above exception was the direct cause of the following exception:

Traceback (most recent call last):
  File "/coc/flash8/rbansal66/openpi_rollout/openpi/.venv/lib/python3.11/site-packages/websockets/asyncio/server.py", line 356, in conn_handler
    await connection.handshake(
  File "/coc/flash8/rbansal66/openpi_rollout/openpi/.venv/lib/python3.11/site-packages/websockets/asyncio/server.py", line 207, in handshake
    raise self.protocol.handshake_exc
websockets.exceptions.InvalidMessage: did not receive a valid HTTP request
ERROR:websockets.server:opening handshake failed
Traceback (most recent call last):
  File "/coc/flash8/rbansal66/openpi_rollout/openpi/.venv/lib/python3.11/site-packages/websockets/server.py", line 545, in parse
    request = yield from Request.parse(
              ^^^^^^^^^^^^^^^^^^^^^^^^^
  File "/coc/flash8/rbansal66/openpi_rollout/openpi/.venv/lib/python3.11/site-packages/websockets/http11.py", line 151, in parse
    raise ValueError(f"unsupported HTTP method; expected GET; got {d(method)}")
ValueError: unsupported HTTP method; expected GET; got HEAD

The above exception was the direct cause of the following exception:

Traceback (most recent call last):
  File "/coc/flash8/rbansal66/openpi_rollout/openpi/.venv/lib/python3.11/site-packages/websockets/asyncio/server.py", line 356, in conn_handler
    await connection.handshake(
  File "/coc/flash8/rbansal66/openpi_rollout/openpi/.venv/lib/python3.11/site-packages/websockets/asyncio/server.py", line 207, in handshake
    raise self.protocol.handshake_exc
websockets.exceptions.InvalidMessage: did not receive a valid HTTP request
ERROR:websockets.server:opening handshake failed
Traceback (most recent call last):
  File "/coc/flash8/rbansal66/openpi_rollout/openpi/.venv/lib/python3.11/site-packages/websockets/server.py", line 545, in parse
    request = yield from Request.parse(
              ^^^^^^^^^^^^^^^^^^^^^^^^^
  File "/coc/flash8/rbansal66/openpi_rollout/openpi/.venv/lib/python3.11/site-packages/websockets/http11.py", line 151, in parse
    raise ValueError(f"unsupported HTTP method; expected GET; got {d(method)}")
ValueError: unsupported HTTP method; expected GET; got HEAD

The above exception was the direct cause of the following exception:

Traceback (most recent call last):
  File "/coc/flash8/rbansal66/openpi_rollout/openpi/.venv/lib/python3.11/site-packages/websockets/asyncio/server.py", line 356, in conn_handler
    await connection.handshake(
  File "/coc/flash8/rbansal66/openpi_rollout/openpi/.venv/lib/python3.11/site-packages/websockets/asyncio/server.py", line 207, in handshake
    raise self.protocol.handshake_exc
websockets.exceptions.InvalidMessage: did not receive a valid HTTP request
ERROR:websockets.server:opening handshake failed
Traceback (most recent call last):
  File "/coc/flash8/rbansal66/openpi_rollout/openpi/.venv/lib/python3.11/site-packages/websockets/server.py", line 545, in parse
    request = yield from Request.parse(
              ^^^^^^^^^^^^^^^^^^^^^^^^^
  File "/coc/flash8/rbansal66/openpi_rollout/openpi/.venv/lib/python3.11/site-packages/websockets/http11.py", line 151, in parse
    raise ValueError(f"unsupported HTTP method; expected GET; got {d(method)}")
ValueError: unsupported HTTP method; expected GET; got HEAD

The above exception was the direct cause of the following exception:

Traceback (most recent call last):
  File "/coc/flash8/rbansal66/openpi_rollout/openpi/.venv/lib/python3.11/site-packages/websockets/asyncio/server.py", line 356, in conn_handler
    await connection.handshake(
  File "/coc/flash8/rbansal66/openpi_rollout/openpi/.venv/lib/python3.11/site-packages/websockets/asyncio/server.py", line 207, in handshake
    raise self.protocol.handshake_exc
websockets.exceptions.InvalidMessage: did not receive a valid HTTP request
slurmstepd: error: *** JOB 1861817 ON megazord CANCELLED AT 2025-10-29T12:22:00 ***
